0it [00:00, ?it/s]
462it [00:00, 4612.31it/s]
886it [00:00, 4426.28it/s]
1392it [00:00, 4636.11it/s]
1923it [00:00, 4801.60it/s]
2298it [00:00, 4265.27it/s]
2773it [00:00, 4340.87it/s]
3225it [00:00, 4363.71it/s]
3672it [00:00, 4376.19it/s]
4110it [00:00, 4376.17it/s]
4533it [00:01, 4288.01it/s]
4937it [00:01, 4232.10it/s]
5345it [00:01, 4219.61it/s]
5743it [00:01, 3922.19it/s]
6112it [00:01, 3907.31it/s]
6480it [00:01, 3893.32it/s]
6834it [00:01, 3863.54it/s]
7184it [00:01, 3787.78it/s]
7511it [00:01, 3761.84it/s]
7849it [00:02, 3743.55it/s]
8180it [00:02, 3723.37it/s]
8544it [00:02, 3775.14it/s]

0it [00:00, ?it/s]
254it [00:00, 1111.61it/s]
557it [00:00, 1693.21it/s]
856it [00:00, 1995.12it/s]
1101it [00:00, 2158.89it/s]

0it [00:00, ?it/s]
3453it [00:00, 34521.31it/s]
7043it [00:00, 35208.15it/s]
9645it [00:00, 36533.31it/s]

  0%|          | 0/267 [00:00<?, ?it/s]
accuracy: 0.2812, precision: 0.0000, recall: 0.0000, f1_measure: 0.0000, loss: 1.5990 ||:   0%|          | 1/267 [00:00<03:55,  1.13it/s]
accuracy: 0.2656, precision: 0.0000, recall: 0.0000, f1_measure: 0.0000, loss: 1.5901 ||:   1%|          | 2/267 [00:01<02:22,  1.86it/s]
accuracy: 0.2344, precision: 0.0000, recall: 0.0000, f1_measure: 0.0000, loss: 1.5981 ||:   1%|1         | 4/267 [00:01<01:31,  2.87it/s]
accuracy: 0.2500, precision: 0.0000, recall: 0.0000, f1_measure: 0.0000, loss: 1.5987 ||:   2%|1         | 5/267 [00:01<01:20,  3.27it/s]
accuracy: 0.2344, precision: 0.0000, recall: 0.0000, f1_measure: 0.0000, loss: 1.5995 ||:   2%|2         | 6/267 [00:01<01:12,  3.62it/s]
accuracy: 0.2679, precision: 0.0000, recall: 0.0000, f1_measure: 0.0000, loss: 1.5916 ||:   3%|2         | 7/267 [00:01<01:06,  3.90it/s]
accuracy: 0.2734, precision: 0.0000, recall: 0.0000, f1_measure: 0.0000, loss: 1.5926 ||:   3%|2         | 8/267 [00:01<01:02,  4.15it/s]
accuracy: 0.2674, precision: 0.0000, recall: 0.0000, f1_measure: 0.0000, loss: 1.5936 ||:   3%|3         | 9/267 [00:02<00:59,  4.30it/s]
accuracy: 0.2687, precision: 0.0000, recall: 0.0000, f1_measure: 0.0000, loss: 1.5909 ||:   4%|3         | 10/267 [00:02<00:56,  4.56it/s]
accuracy: 0.2727, precision: 0.0000, recall: 0.0000, f1_measure: 0.0000, loss: 1.5882 ||:   4%|4         | 11/267 [00:02<00:54,  4.70it/s]
accuracy: 0.2644, precision: 0.0000, recall: 0.0000, f1_measure: 0.0000, loss: 1.5861 ||:   5%|4         | 13/267 [00:02<00:50,  5.08it/s]
accuracy: 0.2612, precision: 0.0000, recall: 0.0000, f1_measure: 0.0000, loss: 1.5870 ||:   5%|5         | 14/267 [00:02<00:49,  5.07it/s]
accuracy: 0.2578, precision: 0.0000, recall: 0.0000, f1_measure: 0.0000, loss: 1.5872 ||:   6%|5         | 16/267 [00:03<00:47,  5.31it/s]
accuracy: 0.2622, precision: 0.0000, recall: 0.0000, f1_measure: 0.0000, loss: 1.5884 ||:   7%|6         | 18/267 [00:03<00:45,  5.49it/s]
accuracy: 0.2599, precision: 0.0000, recall: 0.0000, f1_measure: 0.0000, loss: 1.5857 ||:   7%|7         | 19/267 [00:03<00:44,  5.53it/s]
accuracy: 0.2609, precision: 0.0000, recall: 0.0000, f1_measure: 0.0000, loss: 1.5886 ||:   7%|7         | 20/267 [00:03<00:44,  5.58it/s]
accuracy: 0.2604, precision: 0.0000, recall: 0.0000, f1_measure: 0.0000, loss: 1.5843 ||:   8%|7         | 21/267 [00:03<00:44,  5.56it/s]
accuracy: 0.2599, precision: 0.0000, recall: 0.0000, f1_measure: 0.0000, loss: 1.5828 ||:   8%|8         | 22/267 [00:03<00:43,  5.62it/s]
accuracy: 0.2565, precision: 0.0000, recall: 0.0000, f1_measure: 0.0000, loss: 1.5802 ||:   9%|8         | 24/267 [00:04<00:41,  5.80it/s]
accuracy: 0.2596, precision: 0.0000, recall: 0.0000, f1_measure: 0.0000, loss: 1.5805 ||:  10%|9         | 26/267 [00:04<00:39,  6.11it/s]
accuracy: 0.2567, precision: 0.0000, recall: 0.0000, f1_measure: 0.0000, loss: 1.5799 ||:  10%|#         | 28/267 [00:04<00:37,  6.29it/s]
accuracy: 0.2573, precision: 0.0000, recall: 0.0000, f1_measure: 0.0000, loss: 1.5779 ||:  11%|#1        | 30/267 [00:04<00:37,  6.37it/s]
accuracy: 0.2581, precision: 0.0000, recall: 0.0000, f1_measure: 0.0000, loss: 1.5781 ||:  12%|#1        | 31/267 [00:04<00:37,  6.36it/s]
accuracy: 0.2578, precision: 0.0000, recall: 0.0000, f1_measure: 0.0000, loss: 1.5759 ||:  12%|#1        | 32/267 [00:05<00:36,  6.38it/s]
accuracy: 0.2595, precision: 0.0000, recall: 0.0000, f1_measure: 0.0000, loss: 1.5763 ||:  12%|#2        | 33/267 [00:05<00:36,  6.44it/s]
accuracy: 0.2601, precision: 0.0000, recall: 0.0000, f1_measure: 0.0000, loss: 1.5776 ||:  13%|#2        | 34/267 [00:05<00:36,  6.36it/s]
accuracy: 0.2607, precision: 0.0000, recall: 0.0000, f1_measure: 0.0000, loss: 1.5764 ||:  13%|#3        | 35/267 [00:05<00:36,  6.36it/s]
accuracy: 0.2595, precision: 0.0000, recall: 0.0000, f1_measure: 0.0000, loss: 1.5786 ||:  13%|#3        | 36/267 [00:05<00:36,  6.35it/s]
accuracy: 0.2584, precision: 0.0000, recall: 0.0000, f1_measure: 0.0000, loss: 1.5782 ||:  14%|#3        | 37/267 [00:05<00:35,  6.41it/s]
accuracy: 0.2574, precision: 0.0000, recall: 0.0000, f1_measure: 0.0000, loss: 1.5800 ||:  14%|#4        | 38/267 [00:05<00:35,  6.44it/s]
accuracy: 0.2586, precision: 0.0000, recall: 0.0000, f1_measure: 0.0000, loss: 1.5786 ||:  15%|#4        | 40/267 [00:06<00:34,  6.60it/s]
accuracy: 0.2607, precision: 0.0000, recall: 0.0000, f1_measure: 0.0000, loss: 1.5774 ||:  15%|#5        | 41/267 [00:06<00:33,  6.65it/s]
accuracy: 0.2582, precision: 0.0000, recall: 0.0000, f1_measure: 0.0000, loss: 1.5787 ||:  16%|#5        | 42/267 [00:06<00:33,  6.66it/s]
accuracy: 0.2558, precision: 0.0000, recall: 0.0000, f1_measure: 0.0000, loss: 1.5795 ||:  16%|#6        | 43/267 [00:06<00:33,  6.67it/s]
accuracy: 0.2543, precision: 0.0000, recall: 0.0000, f1_measure: 0.0000, loss: 1.5789 ||:  16%|#6        | 44/267 [00:06<00:33,  6.68it/s]
accuracy: 0.2535, precision: 0.0000, recall: 0.0000, f1_measure: 0.0000, loss: 1.5797 ||:  17%|#6        | 45/267 [00:06<00:33,  6.67it/s]
accuracy: 0.2554, precision: 0.0000, recall: 0.0000, f1_measure: 0.0000, loss: 1.5802 ||:  17%|#7        | 46/267 [00:07<00:33,  6.54it/s]
accuracy: 0.2593, precision: 0.0000, recall: 0.0000, f1_measure: 0.0000, loss: 1.5788 ||:  18%|#7        | 47/267 [00:07<00:33,  6.56it/s]
accuracy: 0.2577, precision: 0.0000, recall: 0.0000, f1_measure: 0.0000, loss: 1.5794 ||:  18%|#8        | 49/267 [00:07<00:33,  6.58it/s]
accuracy: 0.2581, precision: 0.0000, recall: 0.0000, f1_measure: 0.0000, loss: 1.5800 ||:  19%|#8        | 50/267 [00:07<00:33,  6.51it/s]
accuracy: 0.2567, precision: 0.0000, recall: 0.0000, f1_measure: 0.0000, loss: 1.5810 ||:  19%|#9        | 51/267 [00:07<00:32,  6.55it/s]
accuracy: 0.2584, precision: 0.0000, recall: 0.0000, f1_measure: 0.0000, loss: 1.5801 ||:  19%|#9        | 52/267 [00:07<00:32,  6.52it/s]
accuracy: 0.2588, precision: 0.0000, recall: 0.0000, f1_measure: 0.0000, loss: 1.5812 ||:  20%|#9        | 53/267 [00:08<00:33,  6.48it/s]
accuracy: 0.2598, precision: 0.0000, recall: 0.0000, f1_measure: 0.0000, loss: 1.5803 ||:  20%|##        | 54/267 [00:08<00:32,  6.51it/s]
accuracy: 0.2589, precision: 0.0000, recall: 0.0000, f1_measure: 0.0000, loss: 1.5809 ||:  21%|##        | 56/267 [00:08<00:31,  6.65it/s]
accuracy: 0.2571, precision: 0.0000, recall: 0.0000, f1_measure: 0.0000, loss: 1.5806 ||:  21%|##1       | 57/267 [00:08<00:31,  6.66it/s]
accuracy: 0.2586, precision: 0.0000, recall: 0.0000, f1_measure: 0.0000, loss: 1.5800 ||:  22%|##1       | 58/267 [00:08<00:31,  6.68it/s]
accuracy: 0.2599, precision: 0.0000, recall: 0.0000, f1_measure: 0.0000, loss: 1.5799 ||:  22%|##2       | 60/267 [00:08<00:30,  6.81it/s]
accuracy: 0.2596, precision: 0.0000, recall: 0.0000, f1_measure: 0.0000, loss: 1.5804 ||:  23%|##3       | 62/267 [00:09<00:29,  6.86it/s]
accuracy: 0.2607, precision: 0.0000, recall: 0.0000, f1_measure: 0.0000, loss: 1.5796 ||:  24%|##3       | 64/267 [00:09<00:29,  6.91it/s]
accuracy: 0.2601, precision: 0.0000, recall: 0.0000, f1_measure: 0.0000, loss: 1.5800 ||:  24%|##4       | 65/267 [00:09<00:29,  6.91it/s]
accuracy: 0.2623, precision: 0.0000, recall: 0.0000, f1_measure: 0.0000, loss: 1.5789 ||:  25%|##4       | 66/267 [00:09<00:29,  6.88it/s]
accuracy: 0.2626, precision: 0.0000, recall: 0.0000, f1_measure: 0.0000, loss: 1.5788 ||:  25%|##5       | 67/267 [00:09<00:29,  6.88it/s]
accuracy: 0.2619, precision: 0.0000, recall: 0.0000, f1_measure: 0.0000, loss: 1.5785 ||:  25%|##5       | 68/267 [00:09<00:28,  6.88it/s]
accuracy: 0.2613, precision: 0.0000, recall: 0.0000, f1_measure: 0.0000, loss: 1.5780 ||:  26%|##5       | 69/267 [00:10<00:28,  6.87it/s]
accuracy: 0.2588, precision: 0.0000, recall: 0.0000, f1_measure: 0.0000, loss: 1.5781 ||:  27%|##6       | 71/267 [00:10<00:28,  6.89it/s]
accuracy: 0.2578, precision: 0.0000, recall: 0.0000, f1_measure: 0.0000, loss: 1.5780 ||:  27%|##6       | 72/267 [00:10<00:28,  6.84it/s]
accuracy: 0.2564, precision: 0.0000, recall: 0.0000, f1_measure: 0.0000, loss: 1.5781 ||:  27%|##7       | 73/267 [00:10<00:28,  6.84it/s]
accuracy: 0.2546, precision: 0.0000, recall: 0.0000, f1_measure: 0.0000, loss: 1.5794 ||:  28%|##7       | 74/267 [00:10<00:28,  6.82it/s]
accuracy: 0.2550, precision: 0.0000, recall: 0.0000, f1_measure: 0.0000, loss: 1.5791 ||:  28%|##8       | 75/267 [00:10<00:28,  6.84it/s]
accuracy: 0.2545, precision: 0.0000, recall: 0.0000, f1_measure: 0.0000, loss: 1.5792 ||:  28%|##8       | 76/267 [00:11<00:27,  6.86it/s]
accuracy: 0.2549, precision: 0.0000, recall: 0.0000, f1_measure: 0.0000, loss: 1.5790 ||:  29%|##8       | 77/267 [00:11<00:27,  6.86it/s]
accuracy: 0.2548, precision: 0.0000, recall: 0.0000, f1_measure: 0.0000, loss: 1.5787 ||:  29%|##9       | 78/267 [00:11<00:27,  6.85it/s]
accuracy: 0.2555, precision: 0.0000, recall: 0.0000, f1_measure: 0.0000, loss: 1.5789 ||:  30%|##9       | 79/267 [00:11<00:27,  6.87it/s]
accuracy: 0.2550, precision: 0.0000, recall: 0.0000, f1_measure: 0.0000, loss: 1.5794 ||:  30%|###       | 81/267 [00:11<00:26,  6.93it/s]
accuracy: 0.2546, precision: 0.0000, recall: 0.0000, f1_measure: 0.0000, loss: 1.5784 ||:  31%|###       | 82/267 [00:11<00:26,  6.95it/s]
accuracy: 0.2560, precision: 0.0000, recall: 0.0000, f1_measure: 0.0000, loss: 1.5778 ||:  31%|###1      | 83/267 [00:12<00:26,  6.89it/s]
accuracy: 0.2552, precision: 0.0000, recall: 0.0000, f1_measure: 0.0000, loss: 1.5781 ||:  31%|###1      | 84/267 [00:12<00:26,  6.87it/s]
accuracy: 0.2570, precision: 0.0000, recall: 0.0000, f1_measure: 0.0000, loss: 1.5772 ||:  32%|###1      | 85/267 [00:12<00:26,  6.88it/s]
accuracy: 0.2565, precision: 0.0000, recall: 0.0000, f1_measure: 0.0000, loss: 1.5773 ||:  32%|###2      | 86/267 [00:12<00:26,  6.89it/s]
accuracy: 0.2565, precision: 0.0000, recall: 0.0000, f1_measure: 0.0000, loss: 1.5772 ||:  33%|###2      | 87/267 [00:12<00:26,  6.88it/s]
accuracy: 0.2564, precision: 0.0000, recall: 0.0000, f1_measure: 0.0000, loss: 1.5768 ||:  33%|###2      | 88/267 [00:12<00:26,  6.85it/s]
accuracy: 0.2567, precision: 0.0000, recall: 0.0000, f1_measure: 0.0000, loss: 1.5762 ||:  33%|###3      | 89/267 [00:12<00:25,  6.86it/s]
accuracy: 0.2562, precision: 0.0000, recall: 0.0000, f1_measure: 0.0000, loss: 1.5762 ||:  34%|###3      | 90/267 [00:13<00:25,  6.88it/s]
accuracy: 0.2582, precision: 0.0000, recall: 0.0000, f1_measure: 0.0000, loss: 1.5752 ||:  34%|###4      | 91/267 [00:13<00:25,  6.87it/s]
accuracy: 0.2605, precision: 0.0000, recall: 0.0000, f1_measure: 0.0000, loss: 1.5743 ||:  34%|###4      | 92/267 [00:13<00:25,  6.89it/s]
accuracy: 0.2604, precision: 0.0000, recall: 0.0000, f1_measure: 0.0000, loss: 1.5743 ||:  35%|###4      | 93/267 [00:13<00:25,  6.89it/s]
accuracy: 0.2610, precision: 0.0000, recall: 0.0000, f1_measure: 0.0000, loss: 1.5735 ||:  35%|###5      | 94/267 [00:13<00:25,  6.86it/s]
accuracy: 0.2615, precision: 0.0000, recall: 0.0000, f1_measure: 0.0000, loss: 1.5735 ||:  36%|###5      | 95/267 [00:13<00:25,  6.86it/s]
accuracy: 0.2617, precision: 0.0000, recall: 0.0000, f1_measure: 0.0000, loss: 1.5744 ||:  36%|###5      | 96/267 [00:14<00:25,  6.83it/s]
accuracy: 0.2619, precision: 0.0000, recall: 0.0000, f1_measure: 0.0000, loss: 1.5739 ||:  36%|###6      | 97/267 [00:14<00:24,  6.85it/s]
accuracy: 0.2620, precision: 0.0000, recall: 0.0000, f1_measure: 0.0000, loss: 1.5737 ||:  37%|###7      | 99/267 [00:14<00:24,  6.92it/s]
accuracy: 0.2625, precision: 0.0000, recall: 0.0000, f1_measure: 0.0000, loss: 1.5742 ||:  37%|###7      | 100/267 [00:14<00:24,  6.87it/s]
accuracy: 0.2630, precision: 0.0000, recall: 0.0000, f1_measure: 0.0000, loss: 1.5742 ||:  38%|###7      | 101/267 [00:14<00:24,  6.84it/s]
accuracy: 0.2629, precision: 0.0000, recall: 0.0000, f1_measure: 0.0000, loss: 1.5742 ||:  38%|###8      | 102/267 [00:14<00:24,  6.85it/s]
accuracy: 0.2641, precision: 0.0000, recall: 0.0000, f1_measure: 0.0000, loss: 1.5742 ||:  39%|###8      | 104/267 [00:15<00:23,  6.87it/s]
accuracy: 0.2643, precision: 0.0000, recall: 0.0000, f1_measure: 0.0000, loss: 1.5744 ||:  39%|###9      | 105/267 [00:15<00:23,  6.86it/s]
accuracy: 0.2644, precision: 0.0000, recall: 0.0000, f1_measure: 0.0000, loss: 1.5739 ||:  40%|###9      | 106/267 [00:15<00:23,  6.85it/s]
accuracy: 0.2637, precision: 0.0000, recall: 0.0000, f1_measure: 0.0000, loss: 1.5746 ||:  40%|####      | 107/267 [00:15<00:23,  6.85it/s]
accuracy: 0.2630, precision: 0.0000, recall: 0.0000, f1_measure: 0.0000, loss: 1.5747 ||:  40%|####      | 108/267 [00:15<00:23,  6.87it/s]
accuracy: 0.2639, precision: 0.0000, recall: 0.0000, f1_measure: 0.0000, loss: 1.5751 ||:  41%|####1     | 110/267 [00:15<00:22,  6.92it/s]
accuracy: 0.2641, precision: 0.0000, recall: 0.0000, f1_measure: 0.0000, loss: 1.5747 ||:  42%|####1     | 111/267 [00:16<00:22,  6.93it/s]
accuracy: 0.2640, precision: 0.0000, recall: 0.0000, f1_measure: 0.0000, loss: 1.5746 ||:  42%|####1     | 112/267 [00:16<00:22,  6.93it/s]
accuracy: 0.2644, precision: 0.0000, recall: 0.0000, f1_measure: 0.0000, loss: 1.5746 ||:  42%|####2     | 113/267 [00:16<00:22,  6.90it/s]
accuracy: 0.2640, precision: 0.0000, recall: 0.0000, f1_measure: 0.0000, loss: 1.5745 ||:  43%|####2     | 114/267 [00:16<00:22,  6.89it/s]
accuracy: 0.2647, precision: 0.0000, recall: 0.0000, f1_measure: 0.0000, loss: 1.5742 ||:  43%|####3     | 115/267 [00:16<00:21,  6.91it/s]
accuracy: 0.2642, precision: 0.0000, recall: 0.0000, f1_measure: 0.0000, loss: 1.5741 ||:  44%|####3     | 117/267 [00:16<00:21,  6.93it/s]
accuracy: 0.2635, precision: 0.0000, recall: 0.0000, f1_measure: 0.0000, loss: 1.5743 ||:  44%|####4     | 118/267 [00:17<00:21,  6.94it/s]
accuracy: 0.2644, precision: 0.0000, recall: 0.0000, f1_measure: 0.0000, loss: 1.5739 ||:  45%|####4     | 119/267 [00:17<00:21,  6.90it/s]
accuracy: 0.2643, precision: 0.0000, recall: 0.0000, f1_measure: 0.0000, loss: 1.5743 ||:  45%|####4     | 120/267 [00:17<00:21,  6.86it/s]
accuracy: 0.2647, precision: 0.0000, recall: 0.0000, f1_measure: 0.0000, loss: 1.5744 ||:  45%|####5     | 121/267 [00:17<00:21,  6.83it/s]
accuracy: 0.2646, precision: 0.0000, recall: 0.0000, f1_measure: 0.0000, loss: 1.5744 ||:  46%|####5     | 122/267 [00:17<00:21,  6.84it/s]
accuracy: 0.2655, precision: 0.0000, recall: 0.0000, f1_measure: 0.0000, loss: 1.5738 ||:  46%|####6     | 123/267 [00:17<00:21,  6.85it/s]
accuracy: 0.2645, precision: 0.0000, recall: 0.0000, f1_measure: 0.0000, loss: 1.5737 ||:  47%|####6     | 125/267 [00:18<00:20,  6.89it/s]
accuracy: 0.2641, precision: 0.0000, recall: 0.0000, f1_measure: 0.0000, loss: 1.5739 ||:  47%|####7     | 126/267 [00:18<00:20,  6.90it/s]
accuracy: 0.2629, precision: 0.0000, recall: 0.0000, f1_measure: 0.0000, loss: 1.5742 ||:  48%|####7     | 128/267 [00:18<00:20,  6.92it/s]
accuracy: 0.2628, precision: 0.0000, recall: 0.0000, f1_measure: 0.0000, loss: 1.5746 ||:  48%|####8     | 129/267 [00:18<00:20,  6.88it/s]
accuracy: 0.2627, precision: 0.0000, recall: 0.0000, f1_measure: 0.0000, loss: 1.5747 ||:  49%|####8     | 130/267 [00:18<00:19,  6.87it/s]
accuracy: 0.2626, precision: 0.0000, recall: 0.0000, f1_measure: 0.0000, loss: 1.5746 ||:  49%|####9     | 131/267 [00:19<00:19,  6.86it/s]
accuracy: 0.2630, precision: 0.0000, recall: 0.0000, f1_measure: 0.0000, loss: 1.5747 ||:  49%|####9     | 132/267 [00:19<00:19,  6.85it/s]
accuracy: 0.2629, precision: 0.0000, recall: 0.0000, f1_measure: 0.0000, loss: 1.5747 ||:  50%|####9     | 133/267 [00:19<00:19,  6.86it/s]
accuracy: 0.2631, precision: 0.0000, recall: 0.0000, f1_measure: 0.0000, loss: 1.5748 ||:  50%|#####     | 134/267 [00:19<00:19,  6.85it/s]
accuracy: 0.2639, precision: 0.0000, recall: 0.0000, f1_measure: 0.0000, loss: 1.5742 ||:  51%|#####     | 135/267 [00:19<00:19,  6.83it/s]
accuracy: 0.2652, precision: 0.0000, recall: 0.0000, f1_measure: 0.0000, loss: 1.5742 ||:  51%|#####     | 136/267 [00:19<00:19,  6.84it/s]
accuracy: 0.2655, precision: 0.0000, recall: 0.0000, f1_measure: 0.0000, loss: 1.5736 ||:  51%|#####1    | 137/267 [00:19<00:18,  6.85it/s]
accuracy: 0.2659, precision: 0.0000, recall: 0.0000, f1_measure: 0.0000, loss: 1.5735 ||:  52%|#####1    | 138/267 [00:20<00:18,  6.85it/s]
accuracy: 0.2660, precision: 0.0000, recall: 0.0000, f1_measure: 0.0000, loss: 1.5736 ||:  52%|#####2    | 139/267 [00:20<00:18,  6.86it/s]
accuracy: 0.2661, precision: 0.0000, recall: 0.0000, f1_measure: 0.0000, loss: 1.5738 ||:  52%|#####2    | 140/267 [00:20<00:18,  6.85it/s]
accuracy: 0.2655, precision: 0.0000, recall: 0.0000, f1_measure: 0.0000, loss: 1.5742 ||:  53%|#####2    | 141/267 [00:20<00:18,  6.85it/s]
accuracy: 0.2652, precision: 0.0000, recall: 0.0000, f1_measure: 0.0000, loss: 1.5743 ||:  53%|#####3    | 142/267 [00:20<00:18,  6.86it/s]
accuracy: 0.2649, precision: 0.0000, recall: 0.0000, f1_measure: 0.0000, loss: 1.5741 ||:  54%|#####3    | 143/267 [00:20<00:18,  6.86it/s]
accuracy: 0.2648, precision: 0.0000, recall: 0.0000, f1_measure: 0.0000, loss: 1.5742 ||:  54%|#####3    | 144/267 [00:20<00:17,  6.88it/s]
accuracy: 0.2651, precision: 0.0000, recall: 0.0000, f1_measure: 0.0000, loss: 1.5737 ||:  54%|#####4    | 145/267 [00:21<00:17,  6.86it/s]
accuracy: 0.2650, precision: 0.0000, recall: 0.0000, f1_measure: 0.0000, loss: 1.5731 ||:  55%|#####4    | 146/267 [00:21<00:17,  6.84it/s]
accuracy: 0.2657, precision: 0.0000, recall: 0.0000, f1_measure: 0.0000, loss: 1.5727 ||:  55%|#####5    | 147/267 [00:21<00:17,  6.85it/s]
accuracy: 0.2660, precision: 0.0000, recall: 0.0000, f1_measure: 0.0000, loss: 1.5730 ||:  55%|#####5    | 148/267 [00:21<00:17,  6.84it/s]
accuracy: 0.2672, precision: 0.0000, recall: 0.0000, f1_measure: 0.0000, loss: 1.5728 ||:  56%|#####5    | 149/267 [00:21<00:17,  6.81it/s]
accuracy: 0.2673, precision: 0.0000, recall: 0.0000, f1_measure: 0.0000, loss: 1.5727 ||:  56%|#####6    | 150/267 [00:22<00:17,  6.79it/s]
accuracy: 0.2680, precision: 0.0000, recall: 0.0000, f1_measure: 0.0000, loss: 1.5725 ||:  57%|#####6    | 151/267 [00:22<00:17,  6.78it/s]
accuracy: 0.2675, precision: 0.0000, recall: 0.0000, f1_measure: 0.0000, loss: 1.5726 ||:  57%|#####6    | 152/267 [00:22<00:17,  6.76it/s]
accuracy: 0.2684, precision: 0.0000, recall: 0.0000, f1_measure: 0.0000, loss: 1.5718 ||:  57%|#####7    | 153/267 [00:22<00:16,  6.75it/s]
accuracy: 0.2683, precision: 0.0000, recall: 0.0000, f1_measure: 0.0000, loss: 1.5726 ||:  58%|#####8    | 155/267 [00:22<00:16,  6.77it/s]
accuracy: 0.2680, precision: 0.0000, recall: 0.0000, f1_measure: 0.0000, loss: 1.5722 ||:  58%|#####8    | 156/267 [00:23<00:16,  6.78it/s]
accuracy: 0.2686, precision: 0.0000, recall: 0.0000, f1_measure: 0.0000, loss: 1.5724 ||:  59%|#####9    | 158/267 [00:23<00:15,  6.82it/s]
accuracy: 0.2685, precision: 0.0000, recall: 0.0000, f1_measure: 0.0000, loss: 1.5724 ||:  60%|#####9    | 159/267 [00:23<00:15,  6.83it/s]
accuracy: 0.2681, precision: 0.0000, recall: 0.0000, f1_measure: 0.0000, loss: 1.5737 ||:  60%|######    | 161/267 [00:23<00:15,  6.85it/s]
accuracy: 0.2684, precision: 0.0000, recall: 0.0000, f1_measure: 0.0000, loss: 1.5733 ||:  61%|######1   | 163/267 [00:23<00:15,  6.88it/s]
accuracy: 0.2687, precision: 0.0000, recall: 0.0000, f1_measure: 0.0000, loss: 1.5732 ||:  61%|######1   | 164/267 [00:23<00:14,  6.89it/s]
accuracy: 0.2686, precision: 0.0000, recall: 0.0000, f1_measure: 0.0000, loss: 1.5733 ||:  62%|######1   | 165/267 [00:24<00:14,  6.87it/s]
accuracy: 0.2687, precision: 0.0000, recall: 0.0000, f1_measure: 0.0000, loss: 1.5730 ||:  63%|######2   | 167/267 [00:24<00:14,  6.90it/s]
accuracy: 0.2682, precision: 0.0000, recall: 0.0000, f1_measure: 0.0000, loss: 1.5730 ||:  63%|######2   | 168/267 [00:24<00:14,  6.90it/s]
accuracy: 0.2689, precision: 0.0000, recall: 0.0000, f1_measure: 0.0000, loss: 1.5726 ||:  63%|######3   | 169/267 [00:24<00:14,  6.90it/s]
accuracy: 0.2694, precision: 0.0000, recall: 0.0000, f1_measure: 0.0000, loss: 1.5722 ||:  64%|######4   | 171/267 [00:24<00:13,  6.93it/s]
accuracy: 0.2690, precision: 0.0000, recall: 0.0000, f1_measure: 0.0000, loss: 1.5724 ||:  65%|######4   | 173/267 [00:24<00:13,  6.97it/s]
accuracy: 0.2691, precision: 0.0000, recall: 0.0000, f1_measure: 0.0000, loss: 1.5723 ||:  66%|######5   | 175/267 [00:25<00:13,  6.98it/s]
accuracy: 0.2682, precision: 0.0000, recall: 0.0000, f1_measure: 0.0000, loss: 1.5723 ||:  66%|######6   | 177/267 [00:25<00:12,  6.99it/s]
accuracy: 0.2679, precision: 0.0000, recall: 0.0000, f1_measure: 0.0000, loss: 1.5722 ||:  67%|######6   | 178/267 [00:25<00:12,  6.99it/s]
accuracy: 0.2685, precision: 0.0000, recall: 0.0000, f1_measure: 0.0000, loss: 1.5719 ||:  67%|######7   | 179/267 [00:25<00:12,  6.98it/s]
accuracy: 0.2684, precision: 0.0000, recall: 0.0000, f1_measure: 0.0000, loss: 1.5722 ||:  67%|######7   | 180/267 [00:25<00:12,  6.98it/s]
accuracy: 0.2693, precision: 0.0000, recall: 0.0000, f1_measure: 0.0000, loss: 1.5719 ||:  68%|######7   | 181/267 [00:26<00:12,  6.95it/s]
accuracy: 0.2692, precision: 0.0000, recall: 0.0000, f1_measure: 0.0000, loss: 1.5721 ||:  68%|######8   | 182/267 [00:26<00:12,  6.95it/s]
accuracy: 0.2689, precision: 0.0000, recall: 0.0000, f1_measure: 0.0000, loss: 1.5721 ||:  69%|######8   | 184/267 [00:26<00:11,  6.97it/s]
accuracy: 0.2690, precision: 0.0000, recall: 0.0000, f1_measure: 0.0000, loss: 1.5718 ||:  70%|######9   | 186/267 [00:26<00:11,  6.97it/s]
accuracy: 0.2693, precision: 0.0000, recall: 0.0000, f1_measure: 0.0000, loss: 1.5714 ||:  70%|#######   | 188/267 [00:26<00:11,  6.98it/s]
accuracy: 0.2692, precision: 0.0000, recall: 0.0000, f1_measure: 0.0000, loss: 1.5711 ||:  71%|#######1  | 190/267 [00:27<00:11,  6.99it/s]
accuracy: 0.2697, precision: 0.0000, recall: 0.0000, f1_measure: 0.0000, loss: 1.5709 ||:  72%|#######1  | 192/267 [00:27<00:10,  7.02it/s]
accuracy: 0.2704, precision: 0.0000, recall: 0.0000, f1_measure: 0.0000, loss: 1.5703 ||:  72%|#######2  | 193/267 [00:27<00:10,  7.03it/s]
accuracy: 0.2708, precision: 0.0000, recall: 0.0000, f1_measure: 0.0000, loss: 1.5703 ||:  73%|#######2  | 194/267 [00:27<00:10,  7.04it/s]
accuracy: 0.2707, precision: 0.0000, recall: 0.0000, f1_measure: 0.0000, loss: 1.5703 ||:  73%|#######3  | 196/267 [00:27<00:10,  7.04it/s]
accuracy: 0.2708, precision: 0.0000, recall: 0.0000, f1_measure: 0.0000, loss: 1.5703 ||:  74%|#######3  | 197/267 [00:28<00:09,  7.03it/s]
accuracy: 0.2704, precision: 0.0000, recall: 0.0000, f1_measure: 0.0000, loss: 1.5701 ||:  75%|#######4  | 199/267 [00:28<00:09,  7.06it/s]
accuracy: 0.2706, precision: 0.0000, recall: 0.0000, f1_measure: 0.0000, loss: 1.5696 ||:  75%|#######4  | 200/267 [00:28<00:09,  7.05it/s]
accuracy: 0.2710, precision: 0.0000, recall: 0.0000, f1_measure: 0.0000, loss: 1.5692 ||:  75%|#######5  | 201/267 [00:28<00:09,  7.06it/s]
accuracy: 0.2710, precision: 0.0000, recall: 0.0000, f1_measure: 0.0000, loss: 1.5689 ||:  76%|#######5  | 202/267 [00:28<00:09,  7.05it/s]
accuracy: 0.2713, precision: 0.0000, recall: 0.0000, f1_measure: 0.0000, loss: 1.5683 ||:  76%|#######6  | 204/267 [00:28<00:08,  7.07it/s]
accuracy: 0.2716, precision: 0.0000, recall: 0.0000, f1_measure: 0.0000, loss: 1.5681 ||:  77%|#######6  | 205/267 [00:29<00:08,  7.05it/s]
accuracy: 0.2718, precision: 0.0000, recall: 0.0000, f1_measure: 0.0000, loss: 1.5681 ||:  77%|#######7  | 206/267 [00:29<00:08,  7.06it/s]
accuracy: 0.2724, precision: 0.0000, recall: 0.0000, f1_measure: 0.0000, loss: 1.5673 ||:  78%|#######7  | 208/267 [00:29<00:08,  7.08it/s]
accuracy: 0.2724, precision: 0.0000, recall: 0.0000, f1_measure: 0.0000, loss: 1.5672 ||:  78%|#######8  | 209/267 [00:29<00:08,  7.08it/s]
accuracy: 0.2726, precision: 0.0000, recall: 0.0000, f1_measure: 0.0000, loss: 1.5670 ||:  79%|#######8  | 210/267 [00:29<00:08,  7.08it/s]
accuracy: 0.2734, precision: 0.0000, recall: 0.0000, f1_measure: 0.0000, loss: 1.5666 ||:  79%|#######9  | 211/267 [00:29<00:07,  7.08it/s]
accuracy: 0.2741, precision: 0.0000, recall: 0.0000, f1_measure: 0.0000, loss: 1.5657 ||:  80%|#######9  | 213/267 [00:30<00:07,  7.09it/s]
accuracy: 0.2735, precision: 0.0000, recall: 0.0000, f1_measure: 0.0000, loss: 1.5655 ||:  81%|########  | 215/267 [00:30<00:07,  7.12it/s]
accuracy: 0.2740, precision: 0.0000, recall: 0.0000, f1_measure: 0.0000, loss: 1.5652 ||:  81%|########  | 216/267 [00:30<00:07,  7.12it/s]
accuracy: 0.2738, precision: 0.0000, recall: 0.0000, f1_measure: 0.0000, loss: 1.5656 ||:  81%|########1 | 217/267 [00:30<00:07,  7.12it/s]
accuracy: 0.2742, precision: 0.0000, recall: 0.0000, f1_measure: 0.0000, loss: 1.5655 ||:  82%|########1 | 218/267 [00:30<00:06,  7.12it/s]
accuracy: 0.2756, precision: 0.0000, recall: 0.0000, f1_measure: 0.0000, loss: 1.5640 ||:  82%|########2 | 220/267 [00:30<00:06,  7.14it/s]
accuracy: 0.2760, precision: 0.0000, recall: 0.0000, f1_measure: 0.0000, loss: 1.5639 ||:  83%|########2 | 221/267 [00:30<00:06,  7.15it/s]
accuracy: 0.2772, precision: 0.0000, recall: 0.0000, f1_measure: 0.0000, loss: 1.5623 ||:  84%|########3 | 223/267 [00:31<00:06,  7.17it/s]
accuracy: 0.2781, precision: 0.0000, recall: 0.0000, f1_measure: 0.0000, loss: 1.5610 ||:  84%|########4 | 225/267 [00:31<00:05,  7.17it/s]
accuracy: 0.2785, precision: 0.0000, recall: 0.0000, f1_measure: 0.0000, loss: 1.5597 ||:  85%|########5 | 227/267 [00:31<00:05,  7.19it/s]
accuracy: 0.2802, precision: 0.0000, recall: 0.0000, f1_measure: 0.0000, loss: 1.5583 ||:  86%|########5 | 229/267 [00:31<00:05,  7.22it/s]
accuracy: 0.2814, precision: 0.0000, recall: 0.0000, f1_measure: 0.0000, loss: 1.5565 ||:  87%|########6 | 231/267 [00:32<00:05,  7.19it/s]
accuracy: 0.2818, precision: 0.0000, recall: 0.0000, f1_measure: 0.0000, loss: 1.5557 ||:  87%|########6 | 232/267 [00:32<00:04,  7.20it/s]
accuracy: 0.2818, precision: 0.0000, recall: 0.0000, f1_measure: 0.0000, loss: 1.5555 ||:  88%|########7 | 234/267 [00:32<00:04,  7.22it/s]
accuracy: 0.2824, precision: 0.0000, recall: 0.0000, f1_measure: 0.0000, loss: 1.5555 ||:  88%|########8 | 236/267 [00:32<00:04,  7.23it/s]
accuracy: 0.2824, precision: 0.0000, recall: 0.0000, f1_measure: 0.0000, loss: 1.5558 ||:  89%|########8 | 237/267 [00:32<00:04,  7.24it/s]
accuracy: 0.2831, precision: 0.0000, recall: 0.0000, f1_measure: 0.0000, loss: 1.5554 ||:  89%|########9 | 238/267 [00:32<00:04,  7.24it/s]
accuracy: 0.2841, precision: 0.0000, recall: 0.0000, f1_measure: 0.0000, loss: 1.5542 ||:  90%|########9 | 239/267 [00:32<00:03,  7.25it/s]
accuracy: 0.2842, precision: 0.0000, recall: 0.0000, f1_measure: 0.0000, loss: 1.5541 ||:  90%|########9 | 240/267 [00:33<00:03,  7.23it/s]
accuracy: 0.2846, precision: 0.0000, recall: 0.0000, f1_measure: 0.0000, loss: 1.5539 ||:  91%|######### | 242/267 [00:33<00:03,  7.26it/s]
accuracy: 0.2846, precision: 0.0000, recall: 0.0000, f1_measure: 0.0000, loss: 1.5536 ||:  91%|#########1| 244/267 [00:33<00:03,  7.26it/s]
accuracy: 0.2847, precision: 0.0000, recall: 0.0000, f1_measure: 0.0000, loss: 1.5534 ||:  92%|#########2| 246/267 [00:33<00:02,  7.29it/s]
accuracy: 0.2853, precision: 0.0000, recall: 0.0000, f1_measure: 0.0000, loss: 1.5530 ||:  93%|#########2| 248/267 [00:34<00:02,  7.29it/s]
accuracy: 0.2863, precision: 0.0000, recall: 0.0000, f1_measure: 0.0000, loss: 1.5523 ||:  94%|#########3| 250/267 [00:34<00:02,  7.29it/s]
accuracy: 0.2861, precision: 0.0000, recall: 0.0000, f1_measure: 0.0000, loss: 1.5521 ||:  94%|#########4| 251/267 [00:34<00:02,  7.29it/s]
accuracy: 0.2861, precision: 0.0000, recall: 0.0000, f1_measure: 0.0000, loss: 1.5521 ||:  94%|#########4| 252/267 [00:34<00:02,  7.27it/s]
accuracy: 0.2854, precision: 0.0000, recall: 0.0000, f1_measure: 0.0000, loss: 1.5518 ||:  95%|#########5| 254/267 [00:34<00:01,  7.28it/s]
accuracy: 0.2864, precision: 0.0000, recall: 0.0000, f1_measure: 0.0000, loss: 1.5511 ||:  96%|#########5| 255/267 [00:34<00:01,  7.29it/s]
accuracy: 0.2866, precision: 0.0000, recall: 0.0000, f1_measure: 0.0000, loss: 1.5508 ||:  96%|#########5| 256/267 [00:35<00:01,  7.29it/s]
accuracy: 0.2879, precision: 0.0000, recall: 0.0000, f1_measure: 0.0000, loss: 1.5494 ||:  97%|#########6| 258/267 [00:35<00:01,  7.32it/s]
accuracy: 0.2880, precision: 0.0000, recall: 0.0000, f1_measure: 0.0000, loss: 1.5492 ||:  97%|#########7| 259/267 [00:35<00:01,  7.32it/s]
accuracy: 0.2886, precision: 0.0000, recall: 0.0000, f1_measure: 0.0000, loss: 1.5484 ||:  97%|#########7| 260/267 [00:35<00:00,  7.32it/s]
accuracy: 0.2892, precision: 0.0000, recall: 0.0000, f1_measure: 0.0000, loss: 1.5477 ||:  98%|#########7| 261/267 [00:35<00:00,  7.33it/s]
accuracy: 0.2895, precision: 0.0000, recall: 0.0000, f1_measure: 0.0000, loss: 1.5472 ||:  98%|#########8| 262/267 [00:35<00:00,  7.31it/s]
accuracy: 0.2899, precision: 0.0000, recall: 0.0000, f1_measure: 0.0000, loss: 1.5468 ||:  99%|#########8| 263/267 [00:36<00:00,  7.29it/s]
accuracy: 0.2901, precision: 0.0000, recall: 0.0000, f1_measure: 0.0000, loss: 1.5463 ||:  99%|#########8| 264/267 [00:36<00:00,  7.28it/s]
accuracy: 0.2907, precision: 0.0000, recall: 0.0000, f1_measure: 0.0000, loss: 1.5462 ||:  99%|#########9| 265/267 [00:36<00:00,  7.28it/s]
accuracy: 0.2908, precision: 0.0000, recall: 0.0000, f1_measure: 0.0000, loss: 1.5460 ||: 100%|#########9| 266/267 [00:36<00:00,  7.28it/s]
accuracy: 0.2911, precision: 0.0000, recall: 0.0000, f1_measure: 0.0000, loss: 1.5456 ||: 100%|##########| 267/267 [00:36<00:00,  7.29it/s]

  0%|          | 0/35 [00:00<?, ?it/s]
accuracy: 0.2188, precision: 0.0000, recall: 0.0000, f1_measure: 0.0000, loss: 1.4774 ||:   3%|2         | 1/35 [00:00<00:07,  4.48it/s]
accuracy: 0.3555, precision: 0.0000, recall: 0.0000, f1_measure: 0.0000, loss: 1.3943 ||:  23%|##2       | 8/35 [00:00<00:01, 23.98it/s]
accuracy: 0.3438, precision: 0.0000, recall: 0.0000, f1_measure: 0.0000, loss: 1.4260 ||:  37%|###7      | 13/35 [00:00<00:00, 28.50it/s]
accuracy: 0.3621, precision: 0.0000, recall: 0.0000, f1_measure: 0.0000, loss: 1.4158 ||:  49%|####8     | 17/35 [00:00<00:00, 29.97it/s]
accuracy: 0.3622, precision: 0.0000, recall: 0.0000, f1_measure: 0.0000, loss: 1.4251 ||:  63%|######2   | 22/35 [00:00<00:00, 32.02it/s]
accuracy: 0.3606, precision: 0.0000, recall: 0.0000, f1_measure: 0.0000, loss: 1.4285 ||:  74%|#######4  | 26/35 [00:00<00:00, 32.28it/s]
accuracy: 0.3729, precision: 0.0000, recall: 0.0000, f1_measure: 0.0000, loss: 1.4303 ||:  86%|########5 | 30/35 [00:00<00:00, 32.05it/s]
accuracy: 0.3713, precision: 0.0000, recall: 0.0000, f1_measure: 0.0000, loss: 1.4352 ||:  97%|#########7| 34/35 [00:01<00:00, 31.33it/s]
accuracy: 0.3706, precision: 0.0000, recall: 0.0000, f1_measure: 0.0000, loss: 1.4370 ||: 100%|##########| 35/35 [00:01<00:00, 31.32it/s]

