0it [00:00, ?it/s]
250it [00:00, 2497.22it/s]
511it [00:00, 2553.41it/s]
800it [00:00, 2664.09it/s]
1128it [00:00, 2814.97it/s]
1467it [00:00, 2926.25it/s]
1778it [00:00, 2955.73it/s]
2095it [00:00, 2986.22it/s]
2382it [00:00, 2738.34it/s]
2707it [00:00, 2790.53it/s]
2981it [00:01, 2775.69it/s]
3300it [00:01, 2810.20it/s]
3621it [00:01, 2841.18it/s]
3935it [00:01, 2862.47it/s]
4244it [00:01, 2877.27it/s]
4547it [00:01, 2886.23it/s]
4850it [00:01, 2862.23it/s]
5139it [00:01, 2861.56it/s]
5427it [00:02, 2683.52it/s]
5699it [00:02, 2685.06it/s]
5948it [00:02, 2673.92it/s]
6196it [00:02, 2660.63it/s]
6441it [00:02, 2646.70it/s]
6690it [00:02, 2640.11it/s]
6946it [00:02, 2636.70it/s]
7200it [00:02, 2632.71it/s]
7453it [00:02, 2629.06it/s]
7723it [00:02, 2631.32it/s]
8007it [00:03, 2638.19it/s]
8287it [00:03, 2643.28it/s]
8544it [00:03, 2694.45it/s]

0it [00:00, ?it/s]
253it [00:00, 2529.00it/s]
329it [00:00, 1196.84it/s]
599it [00:00, 1597.13it/s]
870it [00:00, 1830.03it/s]
1101it [00:00, 1973.43it/s]

0it [00:00, ?it/s]
9645it [00:00, 102989.48it/s]

  0%|          | 0/267 [00:00<?, ?it/s]
accuracy: 0.1250, precision: 0.0000, recall: 0.0000, f1_measure: 0.0000, loss: 1.6195 ||:   0%|          | 1/267 [00:06<29:07,  6.57s/it]
accuracy: 0.1875, precision: 0.0000, recall: 0.0000, f1_measure: 0.0000, loss: 1.6146 ||:   1%|          | 2/267 [00:09<20:22,  4.61s/it]
accuracy: 0.2083, precision: 0.0000, recall: 0.0000, f1_measure: 0.0000, loss: 1.6068 ||:   1%|1         | 3/267 [00:09<14:37,  3.33s/it]
accuracy: 0.2188, precision: 0.0000, recall: 0.0000, f1_measure: 0.0000, loss: 1.5994 ||:   1%|1         | 4/267 [00:12<13:44,  3.13s/it]
accuracy: 0.2125, precision: 0.0000, recall: 0.0000, f1_measure: 0.0000, loss: 1.5997 ||:   2%|1         | 5/267 [00:14<12:14,  2.80s/it]
accuracy: 0.2240, precision: 0.0000, recall: 0.0000, f1_measure: 0.0000, loss: 1.6026 ||:   2%|2         | 6/267 [00:15<11:30,  2.64s/it]
accuracy: 0.2545, precision: 0.0000, recall: 0.0000, f1_measure: 0.0000, loss: 1.5830 ||:   3%|2         | 7/267 [00:17<10:52,  2.51s/it]
accuracy: 0.2578, precision: 0.0000, recall: 0.0000, f1_measure: 0.0000, loss: 1.5846 ||:   3%|2         | 8/267 [00:19<10:24,  2.41s/it]
accuracy: 0.2500, precision: 0.0000, recall: 0.0000, f1_measure: 0.0000, loss: 1.5893 ||:   3%|3         | 9/267 [00:21<10:20,  2.40s/it]
accuracy: 0.2594, precision: 0.0000, recall: 0.0000, f1_measure: 0.0000, loss: 1.5856 ||:   4%|3         | 10/267 [00:22<09:50,  2.30s/it]
accuracy: 0.2614, precision: 0.0000, recall: 0.0000, f1_measure: 0.0000, loss: 1.5775 ||:   4%|4         | 11/267 [00:24<09:40,  2.27s/it]
accuracy: 0.2578, precision: 0.0000, recall: 0.0000, f1_measure: 0.0000, loss: 1.5747 ||:   4%|4         | 12/267 [00:25<09:10,  2.16s/it]
accuracy: 0.2548, precision: 0.0000, recall: 0.0000, f1_measure: 0.0000, loss: 1.5750 ||:   5%|4         | 13/267 [00:26<08:45,  2.07s/it]
accuracy: 0.2545, precision: 0.0000, recall: 0.0000, f1_measure: 0.0000, loss: 1.5780 ||:   5%|5         | 14/267 [00:28<08:40,  2.06s/it]
accuracy: 0.2562, precision: 0.0000, recall: 0.0000, f1_measure: 0.0000, loss: 1.5811 ||:   6%|5         | 15/267 [00:29<08:16,  1.97s/it]
accuracy: 0.2500, precision: 0.0000, recall: 0.0000, f1_measure: 0.0000, loss: 1.5814 ||:   6%|5         | 16/267 [00:31<08:18,  1.98s/it]
accuracy: 0.2574, precision: 0.0000, recall: 0.0000, f1_measure: 0.0000, loss: 1.5791 ||:   6%|6         | 17/267 [00:32<08:02,  1.93s/it]
accuracy: 0.2569, precision: 0.0000, recall: 0.0000, f1_measure: 0.0000, loss: 1.5866 ||:   7%|6         | 18/267 [00:35<08:08,  1.96s/it]
accuracy: 0.2549, precision: 0.0000, recall: 0.0000, f1_measure: 0.0000, loss: 1.5820 ||:   7%|7         | 19/267 [00:37<08:08,  1.97s/it]
accuracy: 0.2562, precision: 0.0000, recall: 0.0000, f1_measure: 0.0000, loss: 1.5878 ||:   7%|7         | 20/267 [00:39<08:01,  1.95s/it]
accuracy: 0.2664, precision: 0.0000, recall: 0.0000, f1_measure: 0.0000, loss: 1.5803 ||:   8%|7         | 21/267 [00:41<08:01,  1.96s/it]
accuracy: 0.2656, precision: 0.0000, recall: 0.0000, f1_measure: 0.0000, loss: 1.5783 ||:   8%|8         | 22/267 [00:42<07:56,  1.94s/it]
accuracy: 0.2622, precision: 0.0000, recall: 0.0000, f1_measure: 0.0000, loss: 1.5821 ||:   9%|8         | 23/267 [00:43<07:39,  1.88s/it]
accuracy: 0.2643, precision: 0.0000, recall: 0.0000, f1_measure: 0.0000, loss: 1.5753 ||:   9%|8         | 24/267 [00:45<07:37,  1.88s/it]
accuracy: 0.2612, precision: 0.0000, recall: 0.0000, f1_measure: 0.0000, loss: 1.5753 ||:   9%|9         | 25/267 [00:45<07:21,  1.82s/it]
accuracy: 0.2584, precision: 0.0000, recall: 0.0000, f1_measure: 0.0000, loss: 1.5759 ||:  10%|9         | 26/267 [00:45<07:05,  1.77s/it]
accuracy: 0.2616, precision: 0.0000, recall: 0.0000, f1_measure: 0.0000, loss: 1.5737 ||:  10%|#         | 27/267 [00:47<07:05,  1.77s/it]
accuracy: 0.2667, precision: 0.0000, recall: 0.0000, f1_measure: 0.0000, loss: 1.5721 ||:  10%|#         | 28/267 [00:49<07:01,  1.76s/it]
accuracy: 0.2672, precision: 0.0000, recall: 0.0000, f1_measure: 0.0000, loss: 1.5720 ||:  11%|#         | 29/267 [00:51<06:59,  1.76s/it]
accuracy: 0.2667, precision: 0.0000, recall: 0.0000, f1_measure: 0.0000, loss: 1.5708 ||:  11%|#1        | 30/267 [00:52<06:57,  1.76s/it]
accuracy: 0.2641, precision: 0.0000, recall: 0.0000, f1_measure: 0.0000, loss: 1.5712 ||:  12%|#1        | 31/267 [00:56<07:06,  1.81s/it]
accuracy: 0.2666, precision: 0.0000, recall: 0.0000, f1_measure: 0.0000, loss: 1.5694 ||:  12%|#1        | 32/267 [00:58<07:09,  1.83s/it]
accuracy: 0.2689, precision: 0.0000, recall: 0.0000, f1_measure: 0.0000, loss: 1.5691 ||:  12%|#2        | 33/267 [01:00<07:05,  1.82s/it]
accuracy: 0.2684, precision: 0.0000, recall: 0.0000, f1_measure: 0.0000, loss: 1.5703 ||:  13%|#2        | 34/267 [01:02<07:07,  1.83s/it]
accuracy: 0.2687, precision: 0.0000, recall: 0.0000, f1_measure: 0.0000, loss: 1.5702 ||:  13%|#3        | 35/267 [01:03<07:02,  1.82s/it]
accuracy: 0.2674, precision: 0.0000, recall: 0.0000, f1_measure: 0.0000, loss: 1.5719 ||:  13%|#3        | 36/267 [01:05<07:01,  1.83s/it]
accuracy: 0.2660, precision: 0.0000, recall: 0.0000, f1_measure: 0.0000, loss: 1.5723 ||:  14%|#3        | 37/267 [01:06<06:56,  1.81s/it]
accuracy: 0.2632, precision: 0.0000, recall: 0.0000, f1_measure: 0.0000, loss: 1.5739 ||:  14%|#4        | 38/267 [01:08<06:52,  1.80s/it]
accuracy: 0.2652, precision: 0.0000, recall: 0.0000, f1_measure: 0.0000, loss: 1.5733 ||:  15%|#4        | 39/267 [01:09<06:45,  1.78s/it]
accuracy: 0.2680, precision: 0.0000, recall: 0.0000, f1_measure: 0.0000, loss: 1.5707 ||:  15%|#4        | 40/267 [01:09<06:37,  1.75s/it]
accuracy: 0.2706, precision: 0.0000, recall: 0.0000, f1_measure: 0.0000, loss: 1.5689 ||:  15%|#5        | 41/267 [01:11<06:32,  1.74s/it]
accuracy: 0.2686, precision: 0.0000, recall: 0.0000, f1_measure: 0.0000, loss: 1.5700 ||:  16%|#5        | 42/267 [01:12<06:30,  1.74s/it]
accuracy: 0.2674, precision: 0.0000, recall: 0.0000, f1_measure: 0.0000, loss: 1.5712 ||:  16%|#6        | 43/267 [01:14<06:28,  1.74s/it]
accuracy: 0.2692, precision: 0.0000, recall: 0.0000, f1_measure: 0.0000, loss: 1.5694 ||:  16%|#6        | 44/267 [01:16<06:25,  1.73s/it]
accuracy: 0.2681, precision: 0.0000, recall: 0.0000, f1_measure: 0.0000, loss: 1.5710 ||:  17%|#6        | 45/267 [01:17<06:20,  1.72s/it]
accuracy: 0.2663, precision: 0.0000, recall: 0.0000, f1_measure: 0.0000, loss: 1.5719 ||:  17%|#7        | 46/267 [01:19<06:20,  1.72s/it]
accuracy: 0.2699, precision: 0.0000, recall: 0.0000, f1_measure: 0.0000, loss: 1.5695 ||:  18%|#7        | 47/267 [01:20<06:16,  1.71s/it]
accuracy: 0.2721, precision: 0.0000, recall: 0.0000, f1_measure: 0.0000, loss: 1.5686 ||:  18%|#7        | 48/267 [01:21<06:10,  1.69s/it]
accuracy: 0.2730, precision: 0.0000, recall: 0.0000, f1_measure: 0.0000, loss: 1.5687 ||:  18%|#8        | 49/267 [01:23<06:12,  1.71s/it]
accuracy: 0.2731, precision: 0.0000, recall: 0.0000, f1_measure: 0.0000, loss: 1.5692 ||:  19%|#8        | 50/267 [01:26<06:16,  1.73s/it]
accuracy: 0.2727, precision: 0.0000, recall: 0.0000, f1_measure: 0.0000, loss: 1.5704 ||:  19%|#9        | 51/267 [01:28<06:13,  1.73s/it]
accuracy: 0.2758, precision: 0.0000, recall: 0.0000, f1_measure: 0.0000, loss: 1.5679 ||:  19%|#9        | 52/267 [01:30<06:12,  1.73s/it]
accuracy: 0.2759, precision: 0.0000, recall: 0.0000, f1_measure: 0.0000, loss: 1.5683 ||:  20%|#9        | 53/267 [01:32<06:12,  1.74s/it]
accuracy: 0.2760, precision: 0.0000, recall: 0.0000, f1_measure: 0.0000, loss: 1.5671 ||:  20%|##        | 54/267 [01:33<06:06,  1.72s/it]
accuracy: 0.2767, precision: 0.0000, recall: 0.0000, f1_measure: 0.0000, loss: 1.5663 ||:  21%|##        | 55/267 [01:33<06:00,  1.70s/it]
accuracy: 0.2751, precision: 0.0000, recall: 0.0000, f1_measure: 0.0000, loss: 1.5669 ||:  21%|##        | 56/267 [01:33<05:53,  1.68s/it]
accuracy: 0.2752, precision: 0.0000, recall: 0.0000, f1_measure: 0.0000, loss: 1.5665 ||:  21%|##1       | 57/267 [01:35<05:52,  1.68s/it]
accuracy: 0.2748, precision: 0.0000, recall: 0.0000, f1_measure: 0.0000, loss: 1.5667 ||:  22%|##1       | 58/267 [01:37<05:51,  1.68s/it]
accuracy: 0.2744, precision: 0.0000, recall: 0.0000, f1_measure: 0.0000, loss: 1.5664 ||:  22%|##2       | 59/267 [01:38<05:45,  1.66s/it]
accuracy: 0.2760, precision: 0.0000, recall: 0.0000, f1_measure: 0.0000, loss: 1.5649 ||:  22%|##2       | 60/267 [01:39<05:43,  1.66s/it]
accuracy: 0.2766, precision: 0.0000, recall: 0.0000, f1_measure: 0.0000, loss: 1.5641 ||:  23%|##2       | 61/267 [01:41<05:42,  1.66s/it]
accuracy: 0.2767, precision: 0.0000, recall: 0.0000, f1_measure: 0.0000, loss: 1.5633 ||:  23%|##3       | 62/267 [01:42<05:40,  1.66s/it]
accuracy: 0.2778, precision: 0.0000, recall: 0.0000, f1_measure: 0.0000, loss: 1.5629 ||:  24%|##3       | 63/267 [01:44<05:37,  1.66s/it]
accuracy: 0.2798, precision: 0.0000, recall: 0.0000, f1_measure: 0.0000, loss: 1.5627 ||:  24%|##3       | 64/267 [01:45<05:36,  1.66s/it]
accuracy: 0.2798, precision: 0.0000, recall: 0.0000, f1_measure: 0.0000, loss: 1.5621 ||:  24%|##4       | 65/267 [01:47<05:33,  1.65s/it]
accuracy: 0.2817, precision: 0.0000, recall: 0.0000, f1_measure: 0.0000, loss: 1.5597 ||:  25%|##4       | 66/267 [01:49<05:32,  1.65s/it]
accuracy: 0.2812, precision: 0.0000, recall: 0.0000, f1_measure: 0.0000, loss: 1.5592 ||:  25%|##5       | 67/267 [01:51<05:31,  1.66s/it]
accuracy: 0.2826, precision: 0.0000, recall: 0.0000, f1_measure: 0.0000, loss: 1.5585 ||:  25%|##5       | 68/267 [01:52<05:29,  1.65s/it]
accuracy: 0.2844, precision: 0.0000, recall: 0.0000, f1_measure: 0.0000, loss: 1.5578 ||:  26%|##5       | 69/267 [01:53<05:26,  1.65s/it]
accuracy: 0.2844, precision: 0.0000, recall: 0.0000, f1_measure: 0.0000, loss: 1.5568 ||:  26%|##6       | 70/267 [01:54<05:21,  1.63s/it]
accuracy: 0.2835, precision: 0.0000, recall: 0.0000, f1_measure: 0.0000, loss: 1.5566 ||:  27%|##6       | 71/267 [01:56<05:21,  1.64s/it]
accuracy: 0.2826, precision: 0.0000, recall: 0.0000, f1_measure: 0.0000, loss: 1.5581 ||:  27%|##6       | 72/267 [01:58<05:21,  1.65s/it]
accuracy: 0.2830, precision: 0.0000, recall: 0.0000, f1_measure: 0.0000, loss: 1.5594 ||:  27%|##7       | 73/267 [01:59<05:17,  1.64s/it]
accuracy: 0.2821, precision: 0.0000, recall: 0.0000, f1_measure: 0.0000, loss: 1.5606 ||:  28%|##7       | 74/267 [02:01<05:16,  1.64s/it]
accuracy: 0.2833, precision: 0.0000, recall: 0.0000, f1_measure: 0.0000, loss: 1.5587 ||:  28%|##8       | 75/267 [02:02<05:12,  1.63s/it]
accuracy: 0.2829, precision: 0.0000, recall: 0.0000, f1_measure: 0.0000, loss: 1.5592 ||:  28%|##8       | 76/267 [02:03<05:10,  1.63s/it]
accuracy: 0.2821, precision: 0.0000, recall: 0.0000, f1_measure: 0.0000, loss: 1.5602 ||:  29%|##8       | 77/267 [02:05<05:08,  1.63s/it]
accuracy: 0.2837, precision: 0.0000, recall: 0.0000, f1_measure: 0.0000, loss: 1.5588 ||:  29%|##9       | 78/267 [02:07<05:09,  1.64s/it]
accuracy: 0.2836, precision: 0.0000, recall: 0.0000, f1_measure: 0.0000, loss: 1.5591 ||:  30%|##9       | 79/267 [02:09<05:07,  1.64s/it]
accuracy: 0.2859, precision: 0.0000, recall: 0.0000, f1_measure: 0.0000, loss: 1.5573 ||:  30%|##9       | 80/267 [02:10<05:04,  1.63s/it]
accuracy: 0.2855, precision: 0.0000, recall: 0.0000, f1_measure: 0.0000, loss: 1.5579 ||:  30%|###       | 81/267 [02:12<05:04,  1.64s/it]
accuracy: 0.2862, precision: 0.0000, recall: 0.0000, f1_measure: 0.0000, loss: 1.5566 ||:  31%|###       | 82/267 [02:14<05:02,  1.63s/it]
accuracy: 0.2869, precision: 0.0000, recall: 0.0000, f1_measure: 0.0000, loss: 1.5565 ||:  31%|###1      | 83/267 [02:15<04:59,  1.63s/it]
accuracy: 0.2872, precision: 0.0000, recall: 0.0000, f1_measure: 0.0000, loss: 1.5564 ||:  31%|###1      | 84/267 [02:16<04:57,  1.62s/it]
accuracy: 0.2890, precision: 0.0000, recall: 0.0000, f1_measure: 0.0000, loss: 1.5557 ||:  32%|###1      | 85/267 [02:17<04:54,  1.62s/it]
accuracy: 0.2889, precision: 0.0000, recall: 0.0000, f1_measure: 0.0000, loss: 1.5557 ||:  32%|###2      | 86/267 [02:18<04:52,  1.61s/it]
accuracy: 0.2895, precision: 0.0000, recall: 0.0000, f1_measure: 0.0000, loss: 1.5544 ||:  33%|###2      | 87/267 [02:20<04:51,  1.62s/it]
accuracy: 0.2915, precision: 0.0000, recall: 0.0000, f1_measure: 0.0000, loss: 1.5534 ||:  33%|###2      | 88/267 [02:23<04:50,  1.63s/it]
accuracy: 0.2932, precision: 0.0000, recall: 0.0000, f1_measure: 0.0000, loss: 1.5517 ||:  33%|###3      | 89/267 [02:24<04:48,  1.62s/it]
accuracy: 0.2941, precision: 0.0000, recall: 0.0000, f1_measure: 0.0000, loss: 1.5508 ||:  34%|###3      | 90/267 [02:25<04:45,  1.61s/it]
accuracy: 0.2953, precision: 0.0000, recall: 0.0000, f1_measure: 0.0000, loss: 1.5492 ||:  34%|###4      | 91/267 [02:26<04:43,  1.61s/it]
accuracy: 0.2976, precision: 0.0000, recall: 0.0000, f1_measure: 0.0000, loss: 1.5474 ||:  34%|###4      | 92/267 [02:27<04:41,  1.61s/it]
accuracy: 0.2997, precision: 0.0000, recall: 0.0000, f1_measure: 0.0000, loss: 1.5465 ||:  35%|###4      | 93/267 [02:28<04:38,  1.60s/it]
accuracy: 0.3015, precision: 0.0000, recall: 0.0000, f1_measure: 0.0000, loss: 1.5458 ||:  35%|###5      | 94/267 [02:31<04:39,  1.61s/it]
accuracy: 0.3020, precision: 0.0000, recall: 0.0000, f1_measure: 0.0000, loss: 1.5448 ||:  36%|###5      | 95/267 [02:33<04:37,  1.61s/it]
accuracy: 0.3021, precision: 0.0000, recall: 0.0000, f1_measure: 0.0000, loss: 1.5442 ||:  36%|###5      | 96/267 [02:35<04:37,  1.62s/it]
accuracy: 0.3025, precision: 0.0000, recall: 0.0000, f1_measure: 0.0000, loss: 1.5440 ||:  36%|###6      | 97/267 [02:36<04:34,  1.62s/it]
accuracy: 0.3026, precision: 0.0000, recall: 0.0000, f1_measure: 0.0000, loss: 1.5430 ||:  37%|###6      | 98/267 [02:37<04:30,  1.60s/it]
accuracy: 0.3033, precision: 0.0000, recall: 0.0000, f1_measure: 0.0000, loss: 1.5425 ||:  37%|###7      | 99/267 [02:38<04:28,  1.60s/it]
accuracy: 0.3038, precision: 0.0000, recall: 0.0000, f1_measure: 0.0000, loss: 1.5424 ||:  37%|###7      | 100/267 [02:40<04:27,  1.60s/it]
accuracy: 0.3041, precision: 0.0000, recall: 0.0000, f1_measure: 0.0000, loss: 1.5425 ||:  38%|###7      | 101/267 [02:41<04:25,  1.60s/it]
accuracy: 0.3039, precision: 0.0000, recall: 0.0000, f1_measure: 0.0000, loss: 1.5429 ||:  38%|###8      | 102/267 [02:42<04:22,  1.59s/it]
accuracy: 0.3040, precision: 0.0000, recall: 0.0000, f1_measure: 0.0000, loss: 1.5421 ||:  39%|###8      | 103/267 [02:42<04:19,  1.58s/it]
accuracy: 0.3047, precision: 0.0000, recall: 0.0000, f1_measure: 0.0000, loss: 1.5412 ||:  39%|###8      | 104/267 [02:45<04:18,  1.59s/it]
accuracy: 0.3054, precision: 0.0000, recall: 0.0000, f1_measure: 0.0000, loss: 1.5406 ||:  39%|###9      | 105/267 [02:47<04:18,  1.60s/it]
accuracy: 0.3066, precision: 0.0000, recall: 0.0000, f1_measure: 0.0000, loss: 1.5394 ||:  40%|###9      | 106/267 [02:49<04:16,  1.60s/it]
accuracy: 0.3067, precision: 0.0000, recall: 0.0000, f1_measure: 0.0000, loss: 1.5386 ||:  40%|####      | 107/267 [02:50<04:15,  1.60s/it]
accuracy: 0.3061, precision: 0.0000, recall: 0.0000, f1_measure: 0.0000, loss: 1.5388 ||:  40%|####      | 108/267 [02:52<04:13,  1.60s/it]
accuracy: 0.3068, precision: 0.0000, recall: 0.0000, f1_measure: 0.0000, loss: 1.5379 ||:  41%|####      | 109/267 [02:53<04:11,  1.59s/it]
accuracy: 0.3068, precision: 0.0000, recall: 0.0000, f1_measure: 0.0000, loss: 1.5372 ||:  41%|####1     | 110/267 [02:53<04:08,  1.58s/it]
accuracy: 0.3077, precision: 0.0000, recall: 0.0000, f1_measure: 0.0000, loss: 1.5350 ||:  42%|####1     | 111/267 [02:54<04:05,  1.58s/it]
accuracy: 0.3083, precision: 0.0000, recall: 0.0000, f1_measure: 0.0000, loss: 1.5343 ||:  42%|####1     | 112/267 [02:55<04:03,  1.57s/it]
accuracy: 0.3078, precision: 0.0000, recall: 0.0000, f1_measure: 0.0000, loss: 1.5343 ||:  42%|####2     | 113/267 [02:58<04:03,  1.58s/it]
accuracy: 0.3092, precision: 0.0000, recall: 0.0000, f1_measure: 0.0000, loss: 1.5336 ||:  43%|####2     | 114/267 [03:00<04:01,  1.58s/it]
accuracy: 0.3106, precision: 0.0000, recall: 0.0000, f1_measure: 0.0000, loss: 1.5328 ||:  43%|####3     | 115/267 [03:01<03:59,  1.58s/it]
accuracy: 0.3109, precision: 0.0000, recall: 0.0000, f1_measure: 0.0000, loss: 1.5321 ||:  43%|####3     | 116/267 [03:01<03:56,  1.57s/it]
accuracy: 0.3112, precision: 0.0000, recall: 0.0000, f1_measure: 0.0000, loss: 1.5313 ||:  44%|####3     | 117/267 [03:03<03:55,  1.57s/it]
accuracy: 0.3114, precision: 0.0000, recall: 0.0000, f1_measure: 0.0000, loss: 1.5305 ||:  44%|####4     | 118/267 [03:04<03:53,  1.56s/it]
accuracy: 0.3112, precision: 0.0000, recall: 0.0000, f1_measure: 0.0000, loss: 1.5302 ||:  45%|####4     | 119/267 [03:06<03:52,  1.57s/it]
accuracy: 0.3104, precision: 0.0000, recall: 0.0000, f1_measure: 0.0000, loss: 1.5303 ||:  45%|####4     | 120/267 [03:09<03:51,  1.58s/it]
accuracy: 0.3099, precision: 0.0000, recall: 0.0000, f1_measure: 0.0000, loss: 1.5307 ||:  45%|####5     | 121/267 [03:12<03:51,  1.59s/it]
accuracy: 0.3099, precision: 0.0000, recall: 0.0000, f1_measure: 0.0000, loss: 1.5301 ||:  46%|####5     | 122/267 [03:13<03:50,  1.59s/it]
accuracy: 0.3115, precision: 0.0000, recall: 0.0000, f1_measure: 0.0000, loss: 1.5288 ||:  46%|####6     | 123/267 [03:15<03:48,  1.59s/it]
accuracy: 0.3128, precision: 0.0000, recall: 0.0000, f1_measure: 0.0000, loss: 1.5278 ||:  46%|####6     | 124/267 [03:16<03:46,  1.58s/it]
accuracy: 0.3127, precision: 0.0000, recall: 0.0000, f1_measure: 0.0000, loss: 1.5272 ||:  47%|####6     | 125/267 [03:17<03:43,  1.58s/it]
accuracy: 0.3123, precision: 0.0000, recall: 0.0000, f1_measure: 0.0000, loss: 1.5278 ||:  47%|####7     | 126/267 [03:18<03:42,  1.58s/it]
accuracy: 0.3125, precision: 0.0000, recall: 0.0000, f1_measure: 0.0000, loss: 1.5275 ||:  48%|####7     | 127/267 [03:19<03:40,  1.57s/it]
accuracy: 0.3137, precision: 0.0000, recall: 0.0000, f1_measure: 0.0000, loss: 1.5265 ||:  48%|####7     | 128/267 [03:21<03:38,  1.57s/it]
accuracy: 0.3135, precision: 0.0000, recall: 0.0000, f1_measure: 0.0000, loss: 1.5264 ||:  48%|####8     | 129/267 [03:21<03:35,  1.56s/it]
accuracy: 0.3144, precision: 0.0000, recall: 0.0000, f1_measure: 0.0000, loss: 1.5258 ||:  49%|####8     | 130/267 [03:23<03:34,  1.57s/it]
accuracy: 0.3144, precision: 0.0000, recall: 0.0000, f1_measure: 0.0000, loss: 1.5262 ||:  49%|####9     | 131/267 [03:25<03:33,  1.57s/it]
accuracy: 0.3146, precision: 0.0000, recall: 0.0000, f1_measure: 0.0000, loss: 1.5254 ||:  49%|####9     | 132/267 [03:27<03:31,  1.57s/it]
accuracy: 0.3144, precision: 0.0000, recall: 0.0000, f1_measure: 0.0000, loss: 1.5252 ||:  50%|####9     | 133/267 [03:28<03:30,  1.57s/it]
accuracy: 0.3144, precision: 0.0000, recall: 0.0000, f1_measure: 0.0000, loss: 1.5245 ||:  50%|#####     | 134/267 [03:30<03:28,  1.57s/it]
accuracy: 0.3148, precision: 0.0000, recall: 0.0000, f1_measure: 0.0000, loss: 1.5235 ||:  51%|#####     | 135/267 [03:33<03:28,  1.58s/it]
accuracy: 0.3155, precision: 0.0000, recall: 0.0000, f1_measure: 0.0000, loss: 1.5228 ||:  51%|#####     | 136/267 [03:34<03:26,  1.57s/it]
accuracy: 0.3161, precision: 0.0000, recall: 0.0000, f1_measure: 0.0000, loss: 1.5223 ||:  51%|#####1    | 137/267 [03:35<03:24,  1.57s/it]
accuracy: 0.3170, precision: 0.0000, recall: 0.0000, f1_measure: 0.0000, loss: 1.5218 ||:  52%|#####1    | 138/267 [03:36<03:22,  1.57s/it]
accuracy: 0.3174, precision: 0.0000, recall: 0.0000, f1_measure: 0.0000, loss: 1.5212 ||:  52%|#####2    | 139/267 [03:38<03:20,  1.57s/it]
accuracy: 0.3167, precision: 0.0000, recall: 0.0000, f1_measure: 0.0000, loss: 1.5215 ||:  52%|#####2    | 140/267 [03:40<03:19,  1.57s/it]
accuracy: 0.3172, precision: 0.0000, recall: 0.0000, f1_measure: 0.0000, loss: 1.5211 ||:  53%|#####2    | 141/267 [03:41<03:18,  1.57s/it]
accuracy: 0.3184, precision: 0.0000, recall: 0.0000, f1_measure: 0.0000, loss: 1.5198 ||:  53%|#####3    | 142/267 [03:42<03:16,  1.57s/it]
accuracy: 0.3186, precision: 0.0000, recall: 0.0000, f1_measure: 0.0000, loss: 1.5188 ||:  54%|#####3    | 143/267 [03:44<03:14,  1.57s/it]
accuracy: 0.3194, precision: 0.0000, recall: 0.0000, f1_measure: 0.0000, loss: 1.5185 ||:  54%|#####3    | 144/267 [03:45<03:13,  1.57s/it]
accuracy: 0.3190, precision: 0.0000, recall: 0.0000, f1_measure: 0.0000, loss: 1.5185 ||:  54%|#####4    | 145/267 [03:47<03:11,  1.57s/it]
accuracy: 0.3193, precision: 0.0000, recall: 0.0000, f1_measure: 0.0000, loss: 1.5179 ||:  55%|#####4    | 146/267 [03:50<03:10,  1.58s/it]
accuracy: 0.3206, precision: 0.0000, recall: 0.0000, f1_measure: 0.0000, loss: 1.5162 ||:  55%|#####5    | 147/267 [03:51<03:08,  1.57s/it]
accuracy: 0.3201, precision: 0.0000, recall: 0.0000, f1_measure: 0.0000, loss: 1.5162 ||:  55%|#####5    | 148/267 [03:53<03:07,  1.58s/it]
accuracy: 0.3205, precision: 0.0000, recall: 0.0000, f1_measure: 0.0000, loss: 1.5152 ||:  56%|#####5    | 149/267 [03:56<03:07,  1.59s/it]
accuracy: 0.3198, precision: 0.0000, recall: 0.0000, f1_measure: 0.0000, loss: 1.5153 ||:  56%|#####6    | 150/267 [03:59<03:06,  1.60s/it]
accuracy: 0.3204, precision: 0.0000, recall: 0.0000, f1_measure: 0.0000, loss: 1.5150 ||:  57%|#####6    | 151/267 [04:00<03:05,  1.60s/it]
accuracy: 0.3218, precision: 0.0000, recall: 0.0000, f1_measure: 0.0000, loss: 1.5139 ||:  57%|#####6    | 152/267 [04:02<03:03,  1.59s/it]
accuracy: 0.3223, precision: 0.0000, recall: 0.0000, f1_measure: 0.0000, loss: 1.5127 ||:  57%|#####7    | 153/267 [04:03<03:01,  1.59s/it]
accuracy: 0.3220, precision: 0.0000, recall: 0.0000, f1_measure: 0.0000, loss: 1.5128 ||:  58%|#####7    | 154/267 [04:04<02:59,  1.59s/it]
accuracy: 0.3220, precision: 0.0000, recall: 0.0000, f1_measure: 0.0000, loss: 1.5121 ||:  58%|#####8    | 155/267 [04:06<02:57,  1.59s/it]
accuracy: 0.3223, precision: 0.0000, recall: 0.0000, f1_measure: 0.0000, loss: 1.5123 ||:  58%|#####8    | 156/267 [04:07<02:56,  1.59s/it]
accuracy: 0.3230, precision: 0.0000, recall: 0.0000, f1_measure: 0.0000, loss: 1.5113 ||:  59%|#####8    | 157/267 [04:08<02:53,  1.58s/it]
accuracy: 0.3236, precision: 0.0000, recall: 0.0000, f1_measure: 0.0000, loss: 1.5107 ||:  59%|#####9    | 158/267 [04:09<02:52,  1.58s/it]
accuracy: 0.3239, precision: 0.0000, recall: 0.0000, f1_measure: 0.0000, loss: 1.5104 ||:  60%|#####9    | 159/267 [04:11<02:50,  1.58s/it]
accuracy: 0.3236, precision: 0.0000, recall: 0.0000, f1_measure: 0.0000, loss: 1.5097 ||:  60%|#####9    | 160/267 [04:12<02:48,  1.58s/it]
accuracy: 0.3226, precision: 0.0000, recall: 0.0000, f1_measure: 0.0000, loss: 1.5099 ||:  60%|######    | 161/267 [04:13<02:47,  1.58s/it]
accuracy: 0.3233, precision: 0.0000, recall: 0.0000, f1_measure: 0.0000, loss: 1.5094 ||:  61%|######    | 162/267 [04:14<02:44,  1.57s/it]
accuracy: 0.3238, precision: 0.0000, recall: 0.0000, f1_measure: 0.0000, loss: 1.5090 ||:  61%|######1   | 163/267 [04:15<02:42,  1.57s/it]
accuracy: 0.3241, precision: 0.0000, recall: 0.0000, f1_measure: 0.0000, loss: 1.5084 ||:  61%|######1   | 164/267 [04:16<02:41,  1.56s/it]
accuracy: 0.3246, precision: 0.5000, recall: 0.0014, f1_measure: 0.0029, loss: 1.5080 ||:  62%|######1   | 165/267 [04:17<02:39,  1.56s/it]
accuracy: 0.3249, precision: 0.5000, recall: 0.0014, f1_measure: 0.0028, loss: 1.5073 ||:  62%|######2   | 166/267 [04:18<02:37,  1.56s/it]
accuracy: 0.3254, precision: 0.2000, recall: 0.0014, f1_measure: 0.0028, loss: 1.5069 ||:  63%|######2   | 167/267 [04:20<02:35,  1.56s/it]
accuracy: 0.3257, precision: 0.1667, recall: 0.0014, f1_measure: 0.0028, loss: 1.5069 ||:  63%|######2   | 168/267 [04:21<02:34,  1.56s/it]
accuracy: 0.3260, precision: 0.1667, recall: 0.0014, f1_measure: 0.0028, loss: 1.5063 ||:  63%|######3   | 169/267 [04:23<02:32,  1.56s/it]
accuracy: 0.3261, precision: 0.1667, recall: 0.0014, f1_measure: 0.0028, loss: 1.5062 ||:  64%|######3   | 170/267 [04:24<02:30,  1.55s/it]
accuracy: 0.3268, precision: 0.1429, recall: 0.0014, f1_measure: 0.0028, loss: 1.5047 ||:  64%|######4   | 171/267 [04:25<02:28,  1.55s/it]
accuracy: 0.3265, precision: 0.2500, recall: 0.0028, f1_measure: 0.0055, loss: 1.5045 ||:  64%|######4   | 172/267 [04:26<02:26,  1.55s/it]
accuracy: 0.3266, precision: 0.2500, recall: 0.0028, f1_measure: 0.0054, loss: 1.5043 ||:  65%|######4   | 173/267 [04:26<02:24,  1.54s/it]
accuracy: 0.3263, precision: 0.2500, recall: 0.0027, f1_measure: 0.0054, loss: 1.5045 ||:  65%|######5   | 174/267 [04:28<02:23,  1.54s/it]
accuracy: 0.3266, precision: 0.2500, recall: 0.0027, f1_measure: 0.0054, loss: 1.5038 ||:  66%|######5   | 175/267 [04:29<02:21,  1.54s/it]
accuracy: 0.3269, precision: 0.2500, recall: 0.0027, f1_measure: 0.0054, loss: 1.5031 ||:  66%|######5   | 176/267 [04:30<02:19,  1.54s/it]
accuracy: 0.3275, precision: 0.2500, recall: 0.0027, f1_measure: 0.0053, loss: 1.5017 ||:  66%|######6   | 177/267 [04:32<02:18,  1.54s/it]
accuracy: 0.3276, precision: 0.2500, recall: 0.0027, f1_measure: 0.0053, loss: 1.5019 ||:  67%|######6   | 178/267 [04:34<02:17,  1.54s/it]
accuracy: 0.3280, precision: 0.2500, recall: 0.0027, f1_measure: 0.0053, loss: 1.5006 ||:  67%|######7   | 179/267 [04:36<02:15,  1.54s/it]
accuracy: 0.3283, precision: 0.2500, recall: 0.0026, f1_measure: 0.0052, loss: 1.5007 ||:  67%|######7   | 180/267 [04:38<02:14,  1.54s/it]
accuracy: 0.3286, precision: 0.2500, recall: 0.0026, f1_measure: 0.0052, loss: 1.4997 ||:  68%|######7   | 181/267 [04:41<02:13,  1.55s/it]
accuracy: 0.3286, precision: 0.2500, recall: 0.0026, f1_measure: 0.0052, loss: 1.5001 ||:  68%|######8   | 182/267 [04:42<02:11,  1.55s/it]
accuracy: 0.3292, precision: 0.2500, recall: 0.0026, f1_measure: 0.0051, loss: 1.4995 ||:  69%|######8   | 183/267 [04:43<02:09,  1.55s/it]
accuracy: 0.3290, precision: 0.2500, recall: 0.0026, f1_measure: 0.0051, loss: 1.4994 ||:  69%|######8   | 184/267 [04:44<02:08,  1.55s/it]
accuracy: 0.3296, precision: 0.2500, recall: 0.0026, f1_measure: 0.0051, loss: 1.4985 ||:  69%|######9   | 185/267 [04:45<02:06,  1.54s/it]
accuracy: 0.3300, precision: 0.2500, recall: 0.0026, f1_measure: 0.0051, loss: 1.4975 ||:  70%|######9   | 186/267 [04:47<02:05,  1.54s/it]
accuracy: 0.3302, precision: 0.2500, recall: 0.0025, f1_measure: 0.0050, loss: 1.4974 ||:  70%|#######   | 187/267 [04:47<02:03,  1.54s/it]
accuracy: 0.3310, precision: 0.2500, recall: 0.0025, f1_measure: 0.0050, loss: 1.4966 ||:  70%|#######   | 188/267 [04:50<02:01,  1.54s/it]
accuracy: 0.3309, precision: 0.2500, recall: 0.0025, f1_measure: 0.0050, loss: 1.4962 ||:  71%|#######   | 189/267 [04:50<01:59,  1.54s/it]
accuracy: 0.3304, precision: 0.2500, recall: 0.0025, f1_measure: 0.0050, loss: 1.4960 ||:  71%|#######1  | 190/267 [04:53<01:58,  1.54s/it]
accuracy: 0.3303, precision: 0.2500, recall: 0.0025, f1_measure: 0.0049, loss: 1.4960 ||:  72%|#######1  | 191/267 [04:54<01:57,  1.54s/it]
accuracy: 0.3306, precision: 0.2500, recall: 0.0025, f1_measure: 0.0049, loss: 1.4957 ||:  72%|#######1  | 192/267 [04:54<01:55,  1.53s/it]
accuracy: 0.3308, precision: 0.2500, recall: 0.0025, f1_measure: 0.0049, loss: 1.4943 ||:  72%|#######2  | 193/267 [04:56<01:53,  1.53s/it]
accuracy: 0.3304, precision: 0.2500, recall: 0.0025, f1_measure: 0.0049, loss: 1.4944 ||:  73%|#######2  | 194/267 [04:57<01:51,  1.53s/it]
accuracy: 0.3300, precision: 0.2500, recall: 0.0024, f1_measure: 0.0048, loss: 1.4944 ||:  73%|#######3  | 195/267 [04:57<01:50,  1.53s/it]
accuracy: 0.3296, precision: 0.2500, recall: 0.0024, f1_measure: 0.0048, loss: 1.4943 ||:  73%|#######3  | 196/267 [04:59<01:48,  1.53s/it]
accuracy: 0.3295, precision: 0.2500, recall: 0.0024, f1_measure: 0.0048, loss: 1.4945 ||:  74%|#######3  | 197/267 [05:01<01:46,  1.53s/it]
accuracy: 0.3295, precision: 0.2500, recall: 0.0024, f1_measure: 0.0048, loss: 1.4940 ||:  74%|#######4  | 198/267 [05:01<01:45,  1.52s/it]
accuracy: 0.3302, precision: 0.2500, recall: 0.0024, f1_measure: 0.0048, loss: 1.4937 ||:  75%|#######4  | 199/267 [05:02<01:43,  1.52s/it]
accuracy: 0.3305, precision: 0.2500, recall: 0.0024, f1_measure: 0.0048, loss: 1.4937 ||:  75%|#######4  | 200/267 [05:03<01:41,  1.52s/it]
accuracy: 0.3312, precision: 0.2500, recall: 0.0024, f1_measure: 0.0047, loss: 1.4937 ||:  75%|#######5  | 201/267 [05:05<01:40,  1.52s/it]
accuracy: 0.3312, precision: 0.2500, recall: 0.0024, f1_measure: 0.0047, loss: 1.4938 ||:  76%|#######5  | 202/267 [05:06<01:38,  1.52s/it]
accuracy: 0.3319, precision: 0.2500, recall: 0.0024, f1_measure: 0.0047, loss: 1.4931 ||:  76%|#######6  | 203/267 [05:07<01:36,  1.51s/it]
accuracy: 0.3315, precision: 0.2500, recall: 0.0024, f1_measure: 0.0047, loss: 1.4934 ||:  76%|#######6  | 204/267 [05:09<01:35,  1.52s/it]
accuracy: 0.3312, precision: 0.2500, recall: 0.0023, f1_measure: 0.0046, loss: 1.4938 ||:  77%|#######6  | 205/267 [05:11<01:34,  1.52s/it]
accuracy: 0.3315, precision: 0.2500, recall: 0.0023, f1_measure: 0.0046, loss: 1.4936 ||:  77%|#######7  | 206/267 [05:12<01:32,  1.52s/it]
accuracy: 0.3320, precision: 0.2500, recall: 0.0023, f1_measure: 0.0046, loss: 1.4928 ||:  78%|#######7  | 207/267 [05:13<01:30,  1.51s/it]
accuracy: 0.3326, precision: 0.2500, recall: 0.0023, f1_measure: 0.0046, loss: 1.4917 ||:  78%|#######7  | 208/267 [05:14<01:29,  1.51s/it]
accuracy: 0.3324, precision: 0.2500, recall: 0.0023, f1_measure: 0.0046, loss: 1.4915 ||:  78%|#######8  | 209/267 [05:16<01:27,  1.52s/it]
accuracy: 0.3321, precision: 0.2500, recall: 0.0023, f1_measure: 0.0046, loss: 1.4912 ||:  79%|#######8  | 210/267 [05:18<01:26,  1.52s/it]
accuracy: 0.3329, precision: 0.2500, recall: 0.0023, f1_measure: 0.0045, loss: 1.4909 ||:  79%|#######9  | 211/267 [05:20<01:25,  1.52s/it]
accuracy: 0.3334, precision: 0.2500, recall: 0.0023, f1_measure: 0.0045, loss: 1.4905 ||:  79%|#######9  | 212/267 [05:21<01:23,  1.52s/it]
accuracy: 0.3341, precision: 0.2500, recall: 0.0023, f1_measure: 0.0045, loss: 1.4901 ||:  80%|#######9  | 213/267 [05:23<01:22,  1.52s/it]
accuracy: 0.3344, precision: 0.2500, recall: 0.0023, f1_measure: 0.0045, loss: 1.4896 ||:  80%|########  | 214/267 [05:23<01:20,  1.51s/it]
accuracy: 0.3344, precision: 0.2500, recall: 0.0023, f1_measure: 0.0045, loss: 1.4898 ||:  81%|########  | 215/267 [05:24<01:18,  1.51s/it]
accuracy: 0.3343, precision: 0.2500, recall: 0.0022, f1_measure: 0.0044, loss: 1.4898 ||:  81%|########  | 216/267 [05:25<01:16,  1.51s/it]
accuracy: 0.3337, precision: 0.2500, recall: 0.0022, f1_measure: 0.0044, loss: 1.4898 ||:  81%|########1 | 217/267 [05:26<01:15,  1.51s/it]
accuracy: 0.3343, precision: 0.2500, recall: 0.0022, f1_measure: 0.0044, loss: 1.4893 ||:  82%|########1 | 218/267 [05:27<01:13,  1.50s/it]
accuracy: 0.3349, precision: 0.2500, recall: 0.0022, f1_measure: 0.0044, loss: 1.4887 ||:  82%|########2 | 219/267 [05:28<01:11,  1.50s/it]
accuracy: 0.3355, precision: 0.2500, recall: 0.0022, f1_measure: 0.0044, loss: 1.4881 ||:  82%|########2 | 220/267 [05:29<01:10,  1.50s/it]
accuracy: 0.3355, precision: 0.2500, recall: 0.0022, f1_measure: 0.0044, loss: 1.4879 ||:  83%|########2 | 221/267 [05:30<01:08,  1.49s/it]
accuracy: 0.3359, precision: 0.2500, recall: 0.0022, f1_measure: 0.0043, loss: 1.4876 ||:  83%|########3 | 222/267 [05:31<01:07,  1.49s/it]
accuracy: 0.3363, precision: 0.2500, recall: 0.0022, f1_measure: 0.0043, loss: 1.4874 ||:  84%|########3 | 223/267 [05:32<01:05,  1.49s/it]
accuracy: 0.3369, precision: 0.2500, recall: 0.0022, f1_measure: 0.0043, loss: 1.4863 ||:  84%|########3 | 224/267 [05:33<01:04,  1.49s/it]
accuracy: 0.3371, precision: 0.2500, recall: 0.0022, f1_measure: 0.0043, loss: 1.4858 ||:  84%|########4 | 225/267 [05:35<01:02,  1.49s/it]
accuracy: 0.3377, precision: 0.2500, recall: 0.0022, f1_measure: 0.0043, loss: 1.4852 ||:  85%|########4 | 226/267 [05:36<01:01,  1.49s/it]
accuracy: 0.3377, precision: 0.2500, recall: 0.0021, f1_measure: 0.0043, loss: 1.4846 ||:  85%|########5 | 227/267 [05:37<00:59,  1.49s/it]
accuracy: 0.3379, precision: 0.2500, recall: 0.0021, f1_measure: 0.0042, loss: 1.4841 ||:  85%|########5 | 228/267 [05:38<00:57,  1.48s/it]
accuracy: 0.3383, precision: 0.2500, recall: 0.0021, f1_measure: 0.0042, loss: 1.4836 ||:  86%|########5 | 229/267 [05:39<00:56,  1.48s/it]
accuracy: 0.3389, precision: 0.2500, recall: 0.0021, f1_measure: 0.0042, loss: 1.4835 ||:  86%|########6 | 230/267 [05:41<00:54,  1.48s/it]
accuracy: 0.3394, precision: 0.2500, recall: 0.0021, f1_measure: 0.0042, loss: 1.4827 ||:  87%|########6 | 231/267 [05:41<00:53,  1.48s/it]
accuracy: 0.3401, precision: 0.2500, recall: 0.0021, f1_measure: 0.0042, loss: 1.4822 ||:  87%|########6 | 232/267 [05:42<00:51,  1.48s/it]
accuracy: 0.3397, precision: 0.2500, recall: 0.0021, f1_measure: 0.0042, loss: 1.4821 ||:  87%|########7 | 233/267 [05:43<00:50,  1.47s/it]
accuracy: 0.3399, precision: 0.2500, recall: 0.0021, f1_measure: 0.0041, loss: 1.4820 ||:  88%|########7 | 234/267 [05:44<00:48,  1.47s/it]
accuracy: 0.3400, precision: 0.2500, recall: 0.0021, f1_measure: 0.0041, loss: 1.4820 ||:  88%|########8 | 235/267 [05:45<00:47,  1.47s/it]
accuracy: 0.3406, precision: 0.2500, recall: 0.0021, f1_measure: 0.0041, loss: 1.4820 ||:  88%|########8 | 236/267 [05:46<00:45,  1.47s/it]
accuracy: 0.3403, precision: 0.2500, recall: 0.0021, f1_measure: 0.0041, loss: 1.4819 ||:  89%|########8 | 237/267 [05:47<00:44,  1.47s/it]
accuracy: 0.3405, precision: 0.2500, recall: 0.0020, f1_measure: 0.0041, loss: 1.4819 ||:  89%|########9 | 238/267 [05:49<00:42,  1.47s/it]
accuracy: 0.3409, precision: 0.2500, recall: 0.0020, f1_measure: 0.0040, loss: 1.4808 ||:  90%|########9 | 239/267 [05:50<00:41,  1.47s/it]
accuracy: 0.3406, precision: 0.2500, recall: 0.0020, f1_measure: 0.0040, loss: 1.4817 ||:  90%|########9 | 240/267 [05:52<00:39,  1.47s/it]
accuracy: 0.3408, precision: 0.2500, recall: 0.0020, f1_measure: 0.0040, loss: 1.4809 ||:  90%|######### | 241/267 [05:53<00:38,  1.47s/it]
accuracy: 0.3404, precision: 0.2500, recall: 0.0020, f1_measure: 0.0040, loss: 1.4811 ||:  91%|######### | 242/267 [05:53<00:36,  1.46s/it]
accuracy: 0.3400, precision: 0.2500, recall: 0.0020, f1_measure: 0.0040, loss: 1.4814 ||:  91%|#########1| 243/267 [05:54<00:35,  1.46s/it]
accuracy: 0.3399, precision: 0.2500, recall: 0.0020, f1_measure: 0.0040, loss: 1.4815 ||:  91%|#########1| 244/267 [05:56<00:33,  1.46s/it]
accuracy: 0.3399, precision: 0.2500, recall: 0.0020, f1_measure: 0.0039, loss: 1.4811 ||:  92%|#########1| 245/267 [05:57<00:32,  1.46s/it]
accuracy: 0.3396, precision: 0.2500, recall: 0.0020, f1_measure: 0.0039, loss: 1.4813 ||:  92%|#########2| 246/267 [05:58<00:30,  1.46s/it]
accuracy: 0.3396, precision: 0.2500, recall: 0.0020, f1_measure: 0.0039, loss: 1.4814 ||:  93%|#########2| 247/267 [06:00<00:29,  1.46s/it]
accuracy: 0.3400, precision: 0.2500, recall: 0.0020, f1_measure: 0.0039, loss: 1.4804 ||:  93%|#########2| 248/267 [06:01<00:27,  1.46s/it]
accuracy: 0.3409, precision: 0.2500, recall: 0.0020, f1_measure: 0.0039, loss: 1.4799 ||:  93%|#########3| 249/267 [06:02<00:26,  1.46s/it]
accuracy: 0.3407, precision: 0.2500, recall: 0.0020, f1_measure: 0.0039, loss: 1.4797 ||:  94%|#########3| 250/267 [06:05<00:24,  1.46s/it]
accuracy: 0.3409, precision: 0.2500, recall: 0.0019, f1_measure: 0.0039, loss: 1.4791 ||:  94%|#########4| 251/267 [06:06<00:23,  1.46s/it]
accuracy: 0.3408, precision: 0.2500, recall: 0.0019, f1_measure: 0.0038, loss: 1.4792 ||:  94%|#########4| 252/267 [06:08<00:21,  1.46s/it]
accuracy: 0.3409, precision: 0.2500, recall: 0.0019, f1_measure: 0.0038, loss: 1.4790 ||:  95%|#########4| 253/267 [06:09<00:20,  1.46s/it]
accuracy: 0.3408, precision: 0.2500, recall: 0.0019, f1_measure: 0.0038, loss: 1.4788 ||:  95%|#########5| 254/267 [06:11<00:19,  1.46s/it]
accuracy: 0.3415, precision: 0.2500, recall: 0.0019, f1_measure: 0.0038, loss: 1.4784 ||:  96%|#########5| 255/267 [06:12<00:17,  1.46s/it]
accuracy: 0.3416, precision: 0.2500, recall: 0.0019, f1_measure: 0.0038, loss: 1.4786 ||:  96%|#########5| 256/267 [06:13<00:16,  1.46s/it]
accuracy: 0.3418, precision: 0.2500, recall: 0.0019, f1_measure: 0.0038, loss: 1.4779 ||:  96%|#########6| 257/267 [06:14<00:14,  1.46s/it]
accuracy: 0.3422, precision: 0.2500, recall: 0.0019, f1_measure: 0.0038, loss: 1.4777 ||:  97%|#########6| 258/267 [06:15<00:13,  1.45s/it]
accuracy: 0.3423, precision: 0.2500, recall: 0.0019, f1_measure: 0.0037, loss: 1.4778 ||:  97%|#########7| 259/267 [06:16<00:11,  1.45s/it]
accuracy: 0.3427, precision: 0.2500, recall: 0.0019, f1_measure: 0.0037, loss: 1.4774 ||:  97%|#########7| 260/267 [06:17<00:10,  1.45s/it]
accuracy: 0.3427, precision: 0.2500, recall: 0.0019, f1_measure: 0.0037, loss: 1.4777 ||:  98%|#########7| 261/267 [06:18<00:08,  1.45s/it]
accuracy: 0.3429, precision: 0.2500, recall: 0.0019, f1_measure: 0.0037, loss: 1.4774 ||:  98%|#########8| 262/267 [06:20<00:07,  1.45s/it]
accuracy: 0.3436, precision: 0.2500, recall: 0.0019, f1_measure: 0.0037, loss: 1.4770 ||:  99%|#########8| 263/267 [06:23<00:05,  1.46s/it]
accuracy: 0.3440, precision: 0.3333, recall: 0.0028, f1_measure: 0.0055, loss: 1.4766 ||:  99%|#########8| 264/267 [06:25<00:04,  1.46s/it]
accuracy: 0.3440, precision: 0.3333, recall: 0.0028, f1_measure: 0.0055, loss: 1.4763 ||:  99%|#########9| 265/267 [06:27<00:02,  1.46s/it]
accuracy: 0.3439, precision: 0.3333, recall: 0.0028, f1_measure: 0.0055, loss: 1.4761 ||: 100%|#########9| 266/267 [06:29<00:01,  1.46s/it]
accuracy: 0.3442, precision: 0.3333, recall: 0.0027, f1_measure: 0.0054, loss: 1.4755 ||: 100%|##########| 267/267 [06:30<00:00,  1.46s/it]

  0%|          | 0/35 [00:00<?, ?it/s]
accuracy: 0.3750, precision: 0.0000, recall: 0.0000, f1_measure: 0.0000, loss: 1.3599 ||:   3%|2         | 1/35 [00:01<00:46,  1.38s/it]
accuracy: 0.3906, precision: 0.0000, recall: 0.0000, f1_measure: 0.0000, loss: 1.3579 ||:   6%|5         | 2/35 [00:01<00:30,  1.07it/s]
accuracy: 0.4271, precision: 0.0000, recall: 0.0000, f1_measure: 0.0000, loss: 1.3267 ||:   9%|8         | 3/35 [00:02<00:25,  1.25it/s]
accuracy: 0.4531, precision: 0.0000, recall: 0.0000, f1_measure: 0.0000, loss: 1.2958 ||:  11%|#1        | 4/35 [00:02<00:22,  1.38it/s]
accuracy: 0.4562, precision: 0.0000, recall: 0.0000, f1_measure: 0.0000, loss: 1.2872 ||:  14%|#4        | 5/35 [00:03<00:21,  1.43it/s]
accuracy: 0.4323, precision: 0.0000, recall: 0.0000, f1_measure: 0.0000, loss: 1.3051 ||:  17%|#7        | 6/35 [00:04<00:20,  1.40it/s]
accuracy: 0.4420, precision: 0.0000, recall: 0.0000, f1_measure: 0.0000, loss: 1.2943 ||:  20%|##        | 7/35 [00:04<00:19,  1.42it/s]
accuracy: 0.4414, precision: 0.0000, recall: 0.0000, f1_measure: 0.0000, loss: 1.2893 ||:  23%|##2       | 8/35 [00:05<00:19,  1.38it/s]
accuracy: 0.4444, precision: 0.0000, recall: 0.0000, f1_measure: 0.0000, loss: 1.2968 ||:  26%|##5       | 9/35 [00:06<00:19,  1.34it/s]
accuracy: 0.4437, precision: 0.0000, recall: 0.0000, f1_measure: 0.0000, loss: 1.3047 ||:  29%|##8       | 10/35 [00:07<00:19,  1.30it/s]
accuracy: 0.4261, precision: 0.0000, recall: 0.0000, f1_measure: 0.0000, loss: 1.3213 ||:  31%|###1      | 11/35 [00:08<00:19,  1.25it/s]
accuracy: 0.4271, precision: 0.0000, recall: 0.0000, f1_measure: 0.0000, loss: 1.3239 ||:  34%|###4      | 12/35 [00:09<00:19,  1.21it/s]
accuracy: 0.4183, precision: 0.0000, recall: 0.0000, f1_measure: 0.0000, loss: 1.3366 ||:  37%|###7      | 13/35 [00:11<00:18,  1.18it/s]
accuracy: 0.4152, precision: 0.0000, recall: 0.0000, f1_measure: 0.0000, loss: 1.3374 ||:  40%|####      | 14/35 [00:11<00:17,  1.17it/s]
accuracy: 0.4125, precision: 0.0000, recall: 0.0000, f1_measure: 0.0000, loss: 1.3408 ||:  43%|####2     | 15/35 [00:13<00:17,  1.15it/s]
accuracy: 0.4141, precision: 0.0000, recall: 0.0000, f1_measure: 0.0000, loss: 1.3394 ||:  46%|####5     | 16/35 [00:14<00:16,  1.14it/s]
accuracy: 0.4118, precision: 0.0000, recall: 0.0000, f1_measure: 0.0000, loss: 1.3428 ||:  49%|####8     | 17/35 [00:15<00:16,  1.12it/s]
accuracy: 0.4132, precision: 0.0000, recall: 0.0000, f1_measure: 0.0000, loss: 1.3393 ||:  51%|#####1    | 18/35 [00:16<00:15,  1.09it/s]
accuracy: 0.4095, precision: 0.0000, recall: 0.0000, f1_measure: 0.0000, loss: 1.3451 ||:  54%|#####4    | 19/35 [00:17<00:14,  1.07it/s]
accuracy: 0.4062, precision: 0.0000, recall: 0.0000, f1_measure: 0.0000, loss: 1.3415 ||:  57%|#####7    | 20/35 [00:18<00:14,  1.05it/s]
accuracy: 0.4018, precision: 0.0000, recall: 0.0000, f1_measure: 0.0000, loss: 1.3436 ||:  60%|######    | 21/35 [00:20<00:13,  1.03it/s]
accuracy: 0.4006, precision: 0.0000, recall: 0.0000, f1_measure: 0.0000, loss: 1.3403 ||:  63%|######2   | 22/35 [00:21<00:12,  1.02it/s]
accuracy: 0.3981, precision: 0.0000, recall: 0.0000, f1_measure: 0.0000, loss: 1.3458 ||:  66%|######5   | 23/35 [00:22<00:11,  1.00it/s]
accuracy: 0.3958, precision: 0.0000, recall: 0.0000, f1_measure: 0.0000, loss: 1.3477 ||:  69%|######8   | 24/35 [00:24<00:11,  1.01s/it]
accuracy: 0.3987, precision: 0.0000, recall: 0.0000, f1_measure: 0.0000, loss: 1.3448 ||:  71%|#######1  | 25/35 [00:25<00:10,  1.04s/it]
accuracy: 0.3978, precision: 0.0000, recall: 0.0000, f1_measure: 0.0000, loss: 1.3448 ||:  74%|#######4  | 26/35 [00:27<00:09,  1.06s/it]
accuracy: 0.4028, precision: 0.0000, recall: 0.0000, f1_measure: 0.0000, loss: 1.3420 ||:  77%|#######7  | 27/35 [00:29<00:08,  1.08s/it]
accuracy: 0.4051, precision: 0.0000, recall: 0.0000, f1_measure: 0.0000, loss: 1.3369 ||:  80%|########  | 28/35 [00:30<00:07,  1.11s/it]
accuracy: 0.4052, precision: 0.0000, recall: 0.0000, f1_measure: 0.0000, loss: 1.3388 ||:  83%|########2 | 29/35 [00:32<00:06,  1.13s/it]
accuracy: 0.4052, precision: 0.0000, recall: 0.0000, f1_measure: 0.0000, loss: 1.3432 ||:  86%|########5 | 30/35 [00:34<00:05,  1.15s/it]
accuracy: 0.4093, precision: 0.0000, recall: 0.0000, f1_measure: 0.0000, loss: 1.3368 ||:  89%|########8 | 31/35 [00:36<00:04,  1.18s/it]
accuracy: 0.4062, precision: 0.0000, recall: 0.0000, f1_measure: 0.0000, loss: 1.3436 ||:  91%|#########1| 32/35 [00:38<00:03,  1.20s/it]
accuracy: 0.4034, precision: 0.0000, recall: 0.0000, f1_measure: 0.0000, loss: 1.3487 ||:  94%|#########4| 33/35 [00:40<00:02,  1.23s/it]
accuracy: 0.4007, precision: 0.0000, recall: 0.0000, f1_measure: 0.0000, loss: 1.3508 ||:  97%|#########7| 34/35 [00:42<00:01,  1.26s/it]
accuracy: 0.3996, precision: 0.0000, recall: 0.0000, f1_measure: 0.0000, loss: 1.3568 ||: 100%|##########| 35/35 [00:44<00:00,  1.27s/it]

